[2016-08-31 08:56:58.663] [ INFO] console - AutobahnJS debug enabled
[2016-08-31 08:57:01.630] [ INFO] Server - starting...
[2016-08-31 08:57:01.633] [ INFO] console - trying to create WAMP transport of type: websocket
[2016-08-31 08:57:01.831] [ INFO] console - using WAMP transport type: websocket
[2016-08-31 08:57:02.282] [ INFO] console - [ 1,
  'kopa',
  { roles: 
     { caller: [Object],
       callee: [Object],
       publisher: [Object],
       subscriber: [Object] },
    authmethods: [ 'ticket' ],
    authid: 'server' } ]
[2016-08-31 08:57:02.309] [ INFO] console - [ 5, 'server', {} ]
[2016-08-31 08:57:02.356] [ INFO] Server - connection.onopen()
[2016-08-31 08:57:02.358] [ INFO] console - [ 64, 8081557468217344, {}, 'ru.kopa.model.get' ]
[2016-08-31 08:57:02.375] [DEBUG] Server - api:model.get registered
[2016-08-31 08:57:02.383] [ INFO] console - [ 64, 5734068574486528, {}, 'ru.kopa.pingPong' ]
[2016-08-31 08:57:02.386] [DEBUG] Server - api:pingPong registered
[2016-08-31 08:57:02.391] [ INFO] console - [ 64, 6085324264439808, {}, 'ru.kopa.pingPongDatabase' ]
[2016-08-31 08:57:02.394] [DEBUG] Server - api:pingPongDatabase registered
[2016-08-31 08:57:02.398] [ INFO] console - [ 64, 3456876345819136, {}, 'ru.kopa.error' ]
[2016-08-31 08:57:02.402] [DEBUG] Server - api:error registered
[2016-08-31 08:57:42.014] [DEBUG] Server - #promiseModel() [ 1, 2.3 ] { model: 'Kopnik', id: 1 }
[2016-08-31 08:57:42.066] [ERROR] Server - { [SequelizeConnectionRefusedError: connect ECONNREFUSED 127.0.0.1:5432]
  name: 'SequelizeConnectionRefusedError',
  message: 'connect ECONNREFUSED 127.0.0.1:5432',
  parent: 
   { [Error: connect ECONNREFUSED 127.0.0.1:5432]
     code: 'ECONNREFUSED',
     errno: 'ECONNREFUSED',
     syscall: 'connect',
     address: '127.0.0.1',
     port: 5432 },
  original: 
   { [Error: connect ECONNREFUSED 127.0.0.1:5432]
     code: 'ECONNREFUSED',
     errno: 'ECONNREFUSED',
     syscall: 'connect',
     address: '127.0.0.1',
     port: 5432 },
  'error@context': {} }
SequelizeConnectionRefusedError: connect ECONNREFUSED 127.0.0.1:5432
    at /home/alexey2baranov/htdocs/kp-sequelizejs/node_modules/sequelize/lib/dialects/postgres/connection-manager.js:98:20
    at [object Object].<anonymous> (/home/alexey2baranov/htdocs/kp-sequelizejs/node_modules/pg/lib/client.js:185:5)
    at emitOne (events.js:77:13)
    at [object Object].emit (events.js:169:7)
    at Socket.<anonymous> (/home/alexey2baranov/htdocs/kp-sequelizejs/node_modules/pg/lib/connection.js:71:10)
    at emitOne (events.js:77:13)
    at Socket.emit (events.js:169:7)
    at emitErrorNT (net.js:1269:8)
    at asyncWrap (/home/alexey2baranov/htdocs/kp-sequelizejs/node_modules/async-listener/glue.js:188:31)
    at nextTickCallbackWith2Args (node.js:442:9)
    at process._tickDomainCallback [as _tickCallback] (node.js:397:17)
[2016-08-31 08:57:42.087] [ INFO] console - [ 8,
  68,
  4,
  {},
  'wamp.error.runtime_error',
  [ [TypeError: Cannot read property 'rollback' of undefined] ] ]
[2016-08-31 08:59:56.422] [DEBUG] Server - #promiseModel() [ 1, 2.3 ] { model: 'Kopnik', id: 1 }
[2016-08-31 08:59:56.464] [ERROR] Server - { [SequelizeConnectionRefusedError: connect ECONNREFUSED 127.0.0.1:5432]
  name: 'SequelizeConnectionRefusedError',
  message: 'connect ECONNREFUSED 127.0.0.1:5432',
  parent: 
   { [Error: connect ECONNREFUSED 127.0.0.1:5432]
     code: 'ECONNREFUSED',
     errno: 'ECONNREFUSED',
     syscall: 'connect',
     address: '127.0.0.1',
     port: 5432 },
  original: 
   { [Error: connect ECONNREFUSED 127.0.0.1:5432]
     code: 'ECONNREFUSED',
     errno: 'ECONNREFUSED',
     syscall: 'connect',
     address: '127.0.0.1',
     port: 5432 },
  'error@context': {} }
SequelizeConnectionRefusedError: connect ECONNREFUSED 127.0.0.1:5432
    at /home/alexey2baranov/htdocs/kp-sequelizejs/node_modules/sequelize/lib/dialects/postgres/connection-manager.js:98:20
    at [object Object].<anonymous> (/home/alexey2baranov/htdocs/kp-sequelizejs/node_modules/pg/lib/client.js:185:5)
    at emitOne (events.js:77:13)
    at [object Object].emit (events.js:169:7)
    at Socket.<anonymous> (/home/alexey2baranov/htdocs/kp-sequelizejs/node_modules/pg/lib/connection.js:71:10)
    at emitOne (events.js:77:13)
    at Socket.emit (events.js:169:7)
    at emitErrorNT (net.js:1269:8)
    at asyncWrap (/home/alexey2baranov/htdocs/kp-sequelizejs/node_modules/async-listener/glue.js:188:31)
    at nextTickCallbackWith2Args (node.js:442:9)
    at process._tickDomainCallback [as _tickCallback] (node.js:397:17)
[2016-08-31 08:59:56.483] [ INFO] console - [ 8,
  68,
  6,
  {},
  'wamp.error.runtime_error',
  [ [TypeError: Cannot read property 'rollback' of undefined] ] ]
[2016-08-31 09:00:24.739] [DEBUG] Server - #promiseModel() [ 1, 2.3 ] { model: 'Kopnik', id: 1 }
[2016-08-31 09:00:24.772] [ERROR] Server - { [SequelizeConnectionRefusedError: connect ECONNREFUSED 127.0.0.1:5432]
  name: 'SequelizeConnectionRefusedError',
  message: 'connect ECONNREFUSED 127.0.0.1:5432',
  parent: 
   { [Error: connect ECONNREFUSED 127.0.0.1:5432]
     code: 'ECONNREFUSED',
     errno: 'ECONNREFUSED',
     syscall: 'connect',
     address: '127.0.0.1',
     port: 5432 },
  original: 
   { [Error: connect ECONNREFUSED 127.0.0.1:5432]
     code: 'ECONNREFUSED',
     errno: 'ECONNREFUSED',
     syscall: 'connect',
     address: '127.0.0.1',
     port: 5432 },
  'error@context': {} }
SequelizeConnectionRefusedError: connect ECONNREFUSED 127.0.0.1:5432
    at /home/alexey2baranov/htdocs/kp-sequelizejs/node_modules/sequelize/lib/dialects/postgres/connection-manager.js:98:20
    at [object Object].<anonymous> (/home/alexey2baranov/htdocs/kp-sequelizejs/node_modules/pg/lib/client.js:185:5)
    at emitOne (events.js:77:13)
    at [object Object].emit (events.js:169:7)
    at Socket.<anonymous> (/home/alexey2baranov/htdocs/kp-sequelizejs/node_modules/pg/lib/connection.js:71:10)
    at emitOne (events.js:77:13)
    at Socket.emit (events.js:169:7)
    at emitErrorNT (net.js:1269:8)
    at asyncWrap (/home/alexey2baranov/htdocs/kp-sequelizejs/node_modules/async-listener/glue.js:188:31)
    at nextTickCallbackWith2Args (node.js:442:9)
    at process._tickDomainCallback [as _tickCallback] (node.js:397:17)
[2016-08-31 09:00:24.820] [ INFO] console - [ 8,
  68,
  8,
  {},
  'wamp.error.runtime_error',
  [ [TypeError: Cannot read property 'rollback' of undefined] ] ]
[2016-08-31 09:19:43.318] [ INFO] console - AutobahnJS debug enabled
[2016-08-31 09:19:46.184] [ INFO] Server - starting...
[2016-08-31 09:19:46.187] [ INFO] console - trying to create WAMP transport of type: websocket
[2016-08-31 09:19:46.319] [ INFO] console - using WAMP transport type: websocket
[2016-08-31 09:19:46.778] [ INFO] console - [ 1,
  'kopa',
  { roles: 
     { caller: [Object],
       callee: [Object],
       publisher: [Object],
       subscriber: [Object] },
    authmethods: [ 'ticket' ],
    authid: 'server' } ]
[2016-08-31 09:19:46.824] [ INFO] console - [ 5, 'server', {} ]
[2016-08-31 09:19:46.873] [ INFO] Server - connection.onopen()
[2016-08-31 09:19:46.875] [ INFO] console - [ 64, 4564283734097920, {}, 'ru.kopa.model.get' ]
[2016-08-31 09:19:46.878] [DEBUG] Server - api:model.get registered
[2016-08-31 09:19:46.891] [ INFO] console - [ 64, 15092848525312, {}, 'ru.kopa.pingPong' ]
[2016-08-31 09:19:46.895] [DEBUG] Server - api:pingPong registered
[2016-08-31 09:19:46.899] [ INFO] console - [ 64, 8240185640747008, {}, 'ru.kopa.pingPongDatabase' ]
[2016-08-31 09:19:46.902] [DEBUG] Server - api:pingPongDatabase registered
[2016-08-31 09:19:46.906] [ INFO] console - [ 64, 3142043029209088, {}, 'ru.kopa.error' ]
[2016-08-31 09:19:46.909] [DEBUG] Server - api:error registered
[2016-08-31 10:11:12.354] [ INFO] console - AutobahnJS debug enabled
[2016-08-31 10:11:14.008] [ INFO] Server - starting...
[2016-08-31 10:11:14.017] [ INFO] console - trying to create WAMP transport of type: websocket
[2016-08-31 10:11:14.137] [ INFO] console - using WAMP transport type: websocket
[2016-08-31 10:11:14.568] [ INFO] console - [ 1,
  'kopa',
  { roles: 
     { caller: [Object],
       callee: [Object],
       publisher: [Object],
       subscriber: [Object] },
    authmethods: [ 'ticket' ],
    authid: 'server' } ]
[2016-08-31 10:11:14.648] [ INFO] console - [ 5, 'server', {} ]
[2016-08-31 10:11:14.686] [ INFO] Server - connection.onopen()
[2016-08-31 10:11:14.688] [ INFO] console - [ 64, 3884803011117056, {}, 'ru.kopa.model.get' ]
[2016-08-31 10:11:14.695] [DEBUG] Server - api:model.get registered
[2016-08-31 10:11:14.706] [ INFO] console - [ 64, 1751996174434304, {}, 'ru.kopa.pingPong' ]
[2016-08-31 10:11:14.715] [DEBUG] Server - api:pingPong registered
[2016-08-31 10:11:14.721] [ INFO] console - [ 64, 5285230596325376, {}, 'ru.kopa.pingPongDatabase' ]
[2016-08-31 10:11:14.730] [DEBUG] Server - api:pingPongDatabase registered
[2016-08-31 10:11:14.732] [ INFO] console - [ 64, 2420349882859520, {}, 'ru.kopa.error' ]
[2016-08-31 10:11:14.734] [DEBUG] Server - api:error registered
[2016-08-31 10:11:20.838] [DEBUG] Server - #pingPong() [ 1, 2, 3 ] { x: 1, y: 2, z: 3 }
[2016-08-31 10:11:20.844] [ INFO] console - [ 70, 12, {}, [ 1, 2, 3 ], { x: 1, y: 2, z: 3 } ]
[2016-08-31 10:11:20.932] [ INFO] console - [ 8,
  68,
  13,
  {},
  'wamp.error.runtime_error',
  [ { [SequelizeConnectionRefusedError: connect ECONNREFUSED 127.0.0.1:5432]
      name: 'SequelizeConnectionRefusedError',
      message: 'connect ECONNREFUSED 127.0.0.1:5432',
      parent: [Object],
      original: [Object],
      'error@context': {} } ] ]
[2016-08-31 10:11:20.973] [DEBUG] Server - #error() [ 'sadkljfaskldjfs;af' ] {}
[2016-08-31 10:11:20.974] [ERROR] Server - [Error: sadkljfaskldjfs;af]
Error: sadkljfaskldjfs;af
    at MySuperError (Server.js:124:9)
    at Server.error (Server.js:128:15)
    at Object.<anonymous> (Server.js:102:37)
    at tryCatchResolve (/home/alexey2baranov/htdocs/kp-sequelizejs/node_modules/when/lib/apply.js:46:23)
    at callAndResolve (/home/alexey2baranov/htdocs/kp-sequelizejs/node_modules/when/lib/apply.js:30:12)
    at callAndResolveNext (/home/alexey2baranov/htdocs/kp-sequelizejs/node_modules/when/lib/apply.js:40:4)
    at tryCatchReject3 (/home/alexey2baranov/htdocs/kp-sequelizejs/node_modules/when/lib/makePromise.js:856:7)
    at runContinuation3 (/home/alexey2baranov/htdocs/kp-sequelizejs/node_modules/when/lib/makePromise.js:814:4)
    at Fulfilled.fold (/home/alexey2baranov/htdocs/kp-sequelizejs/node_modules/when/lib/makePromise.js:588:4)
    at callAndResolve (/home/alexey2baranov/htdocs/kp-sequelizejs/node_modules/when/lib/apply.js:34:12)
    at callAndResolveNext (/home/alexey2baranov/htdocs/kp-sequelizejs/node_modules/when/lib/apply.js:40:4)
    at tryCatchReject3 (/home/alexey2baranov/htdocs/kp-sequelizejs/node_modules/when/lib/makePromise.js:856:7)
    at runContinuation3 (/home/alexey2baranov/htdocs/kp-sequelizejs/node_modules/when/lib/makePromise.js:814:4)
    at Fulfilled.fold (/home/alexey2baranov/htdocs/kp-sequelizejs/node_modules/when/lib/makePromise.js:588:4)
    at callAndResolve (/home/alexey2baranov/htdocs/kp-sequelizejs/node_modules/when/lib/apply.js:34:12)
    at callAndResolveNext (/home/alexey2baranov/htdocs/kp-sequelizejs/node_modules/when/lib/apply.js:40:4)
[2016-08-31 10:11:21.035] [ INFO] console - [ 8,
  68,
  14,
  {},
  'MySuperError',
  [ 'sadkljfaskldjfs;af' ],
  { stack: 
     [ 'Error: sadkljfaskldjfs;af',
       '    at MySuperError (Server.js:124:9)',
       '    at Server.error (Server.js:128:15)',
       '    at Object.<anonymous> (Server.js:102:37)',
       '    at tryCatchResolve (/home/alexey2baranov/htdocs/kp-sequelizejs/node_modules/when/lib/apply.js:46:23)',
       '    at callAndResolve (/home/alexey2baranov/htdocs/kp-sequelizejs/node_modules/when/lib/apply.js:30:12)',
       '    at callAndResolveNext (/home/alexey2baranov/htdocs/kp-sequelizejs/node_modules/when/lib/apply.js:40:4)',
       '    at tryCatchReject3 (/home/alexey2baranov/htdocs/kp-sequelizejs/node_modules/when/lib/makePromise.js:856:7)',
       '    at runContinuation3 (/home/alexey2baranov/htdocs/kp-sequelizejs/node_modules/when/lib/makePromise.js:814:4)',
       '    at Fulfilled.fold (/home/alexey2baranov/htdocs/kp-sequelizejs/node_modules/when/lib/makePromise.js:588:4)',
       '    at callAndResolve (/home/alexey2baranov/htdocs/kp-sequelizejs/node_modules/when/lib/apply.js:34:12)',
       '    at callAndResolveNext (/home/alexey2baranov/htdocs/kp-sequelizejs/node_modules/when/lib/apply.js:40:4)',
       '    at tryCatchReject3 (/home/alexey2baranov/htdocs/kp-sequelizejs/node_modules/when/lib/makePromise.js:856:7)',
       '    at runContinuation3 (/home/alexey2baranov/htdocs/kp-sequelizejs/node_modules/when/lib/makePromise.js:814:4)',
       '    at Fulfilled.fold (/home/alexey2baranov/htdocs/kp-sequelizejs/node_modules/when/lib/makePromise.js:588:4)',
       '    at callAndResolve (/home/alexey2baranov/htdocs/kp-sequelizejs/node_modules/when/lib/apply.js:34:12)',
       '    at callAndResolveNext (/home/alexey2baranov/htdocs/kp-sequelizejs/node_modules/when/lib/apply.js:40:4)' ] } ]
[2016-08-31 10:13:16.469] [DEBUG] Server - #pingPong() [ 1, 2, 3 ] { x: 1, y: 2, z: 3 }
[2016-08-31 10:13:16.476] [ INFO] console - [ 70, 16, {}, [ 1, 2, 3 ], { x: 1, y: 2, z: 3 } ]
[2016-08-31 10:13:16.501] [ INFO] console - [ 8,
  68,
  17,
  {},
  'wamp.error.runtime_error',
  [ { [SequelizeConnectionRefusedError: connect ECONNREFUSED 127.0.0.1:5432]
      name: 'SequelizeConnectionRefusedError',
      message: 'connect ECONNREFUSED 127.0.0.1:5432',
      parent: [Object],
      original: [Object],
      'error@context': {} } ] ]
[2016-08-31 10:14:29.772] [ INFO] console - AutobahnJS debug enabled
[2016-08-31 10:14:31.484] [ INFO] Server - starting...
[2016-08-31 10:14:31.488] [ INFO] console - trying to create WAMP transport of type: websocket
[2016-08-31 10:14:31.603] [ INFO] console - using WAMP transport type: websocket
[2016-08-31 10:14:31.835] [ INFO] console - [ 1,
  'kopa',
  { roles: 
     { caller: [Object],
       callee: [Object],
       publisher: [Object],
       subscriber: [Object] },
    authmethods: [ 'ticket' ],
    authid: 'server' } ]
[2016-08-31 10:14:31.858] [ INFO] console - [ 5, 'server', {} ]
[2016-08-31 10:14:31.879] [ INFO] Server - connection.onopen()
[2016-08-31 10:14:31.880] [ INFO] console - [ 64, 7687570867617792, {}, 'ru.kopa.model.get' ]
[2016-08-31 10:14:31.883] [DEBUG] Server - api:model.get registered
[2016-08-31 10:14:31.891] [ INFO] console - [ 64, 2745295911780352, {}, 'ru.kopa.pingPong' ]
[2016-08-31 10:14:31.897] [DEBUG] Server - api:pingPong registered
[2016-08-31 10:14:31.900] [ INFO] console - [ 64, 5952415002001408, {}, 'ru.kopa.pingPongDatabase' ]
[2016-08-31 10:14:31.905] [DEBUG] Server - api:pingPongDatabase registered
[2016-08-31 10:14:31.907] [ INFO] console - [ 64, 3262387897499648, {}, 'ru.kopa.error' ]
[2016-08-31 10:14:31.912] [DEBUG] Server - api:error registered
[2016-08-31 10:14:37.236] [DEBUG] Server - #pingPong() [ 1, 2, 3 ] { x: 1, y: 2, z: 3 }
[2016-08-31 10:14:37.258] [ INFO] console - [ 70, 20, {}, [ 1, 2, 3 ], { x: 1, y: 2, z: 3 } ]
[2016-08-31 10:15:01.293] [DEBUG] Server - #error() [ 'sadkljfaskldjfs;af' ] {}
[2016-08-31 10:15:01.298] [ERROR] Server - [Error: sadkljfaskldjfs;af]
Error: sadkljfaskldjfs;af
    at MySuperError (Server.js:124:9)
    at Server.error (Server.js:128:15)
    at Object.<anonymous> (Server.js:102:37)
    at tryCatchResolve (/home/alexey2baranov/htdocs/kp-sequelizejs/node_modules/when/lib/apply.js:46:23)
    at callAndResolve (/home/alexey2baranov/htdocs/kp-sequelizejs/node_modules/when/lib/apply.js:30:12)
    at callAndResolveNext (/home/alexey2baranov/htdocs/kp-sequelizejs/node_modules/when/lib/apply.js:40:4)
    at tryCatchReject3 (/home/alexey2baranov/htdocs/kp-sequelizejs/node_modules/when/lib/makePromise.js:856:7)
    at runContinuation3 (/home/alexey2baranov/htdocs/kp-sequelizejs/node_modules/when/lib/makePromise.js:814:4)
    at Fulfilled.fold (/home/alexey2baranov/htdocs/kp-sequelizejs/node_modules/when/lib/makePromise.js:588:4)
    at callAndResolve (/home/alexey2baranov/htdocs/kp-sequelizejs/node_modules/when/lib/apply.js:34:12)
    at callAndResolveNext (/home/alexey2baranov/htdocs/kp-sequelizejs/node_modules/when/lib/apply.js:40:4)
    at tryCatchReject3 (/home/alexey2baranov/htdocs/kp-sequelizejs/node_modules/when/lib/makePromise.js:856:7)
    at runContinuation3 (/home/alexey2baranov/htdocs/kp-sequelizejs/node_modules/when/lib/makePromise.js:814:4)
    at Fulfilled.fold (/home/alexey2baranov/htdocs/kp-sequelizejs/node_modules/when/lib/makePromise.js:588:4)
    at callAndResolve (/home/alexey2baranov/htdocs/kp-sequelizejs/node_modules/when/lib/apply.js:34:12)
    at callAndResolveNext (/home/alexey2baranov/htdocs/kp-sequelizejs/node_modules/when/lib/apply.js:40:4)
[2016-08-31 10:15:01.346] [ INFO] console - [ 8,
  68,
  22,
  {},
  'MySuperError',
  [ 'sadkljfaskldjfs;af' ],
  { stack: 
     [ 'Error: sadkljfaskldjfs;af',
       '    at MySuperError (Server.js:124:9)',
       '    at Server.error (Server.js:128:15)',
       '    at Object.<anonymous> (Server.js:102:37)',
       '    at tryCatchResolve (/home/alexey2baranov/htdocs/kp-sequelizejs/node_modules/when/lib/apply.js:46:23)',
       '    at callAndResolve (/home/alexey2baranov/htdocs/kp-sequelizejs/node_modules/when/lib/apply.js:30:12)',
       '    at callAndResolveNext (/home/alexey2baranov/htdocs/kp-sequelizejs/node_modules/when/lib/apply.js:40:4)',
       '    at tryCatchReject3 (/home/alexey2baranov/htdocs/kp-sequelizejs/node_modules/when/lib/makePromise.js:856:7)',
       '    at runContinuation3 (/home/alexey2baranov/htdocs/kp-sequelizejs/node_modules/when/lib/makePromise.js:814:4)',
       '    at Fulfilled.fold (/home/alexey2baranov/htdocs/kp-sequelizejs/node_modules/when/lib/makePromise.js:588:4)',
       '    at callAndResolve (/home/alexey2baranov/htdocs/kp-sequelizejs/node_modules/when/lib/apply.js:34:12)',
       '    at callAndResolveNext (/home/alexey2baranov/htdocs/kp-sequelizejs/node_modules/when/lib/apply.js:40:4)',
       '    at tryCatchReject3 (/home/alexey2baranov/htdocs/kp-sequelizejs/node_modules/when/lib/makePromise.js:856:7)',
       '    at runContinuation3 (/home/alexey2baranov/htdocs/kp-sequelizejs/node_modules/when/lib/makePromise.js:814:4)',
       '    at Fulfilled.fold (/home/alexey2baranov/htdocs/kp-sequelizejs/node_modules/when/lib/makePromise.js:588:4)',
       '    at callAndResolve (/home/alexey2baranov/htdocs/kp-sequelizejs/node_modules/when/lib/apply.js:34:12)',
       '    at callAndResolveNext (/home/alexey2baranov/htdocs/kp-sequelizejs/node_modules/when/lib/apply.js:40:4)' ] } ]
[2016-08-31 10:15:01.361] [ INFO] console - [ 8,
  68,
  21,
  {},
  'wamp.error.runtime_error',
  [ { [SequelizeConnectionRefusedError: connect ECONNREFUSED 127.0.0.1:5432]
      name: 'SequelizeConnectionRefusedError',
      message: 'connect ECONNREFUSED 127.0.0.1:5432',
      parent: [Object],
      original: [Object],
      'error@context': {} } ] ]
[2016-08-31 10:15:16.078] [DEBUG] Server - #pingPong() [ 1, 2, 3 ] { x: 1, y: 2, z: 3 }
[2016-08-31 10:15:22.147] [ INFO] console - [ 70, 24, {}, [ 1, 2, 3 ], { x: 1, y: 2, z: 3 } ]
[2016-08-31 10:15:29.421] [DEBUG] Server - #error() [ 'sadkljfaskldjfs;af' ] {}
[2016-08-31 10:15:29.423] [ERROR] Server - [Error: sadkljfaskldjfs;af]
Error: sadkljfaskldjfs;af
    at MySuperError (Server.js:124:9)
    at Server.error (Server.js:128:15)
    at Object.<anonymous> (Server.js:102:37)
    at tryCatchResolve (/home/alexey2baranov/htdocs/kp-sequelizejs/node_modules/when/lib/apply.js:46:23)
    at callAndResolve (/home/alexey2baranov/htdocs/kp-sequelizejs/node_modules/when/lib/apply.js:30:12)
    at callAndResolveNext (/home/alexey2baranov/htdocs/kp-sequelizejs/node_modules/when/lib/apply.js:40:4)
    at tryCatchReject3 (/home/alexey2baranov/htdocs/kp-sequelizejs/node_modules/when/lib/makePromise.js:856:7)
    at runContinuation3 (/home/alexey2baranov/htdocs/kp-sequelizejs/node_modules/when/lib/makePromise.js:814:4)
    at Fulfilled.fold (/home/alexey2baranov/htdocs/kp-sequelizejs/node_modules/when/lib/makePromise.js:588:4)
    at callAndResolve (/home/alexey2baranov/htdocs/kp-sequelizejs/node_modules/when/lib/apply.js:34:12)
    at callAndResolveNext (/home/alexey2baranov/htdocs/kp-sequelizejs/node_modules/when/lib/apply.js:40:4)
    at tryCatchReject3 (/home/alexey2baranov/htdocs/kp-sequelizejs/node_modules/when/lib/makePromise.js:856:7)
    at runContinuation3 (/home/alexey2baranov/htdocs/kp-sequelizejs/node_modules/when/lib/makePromise.js:814:4)
    at Fulfilled.fold (/home/alexey2baranov/htdocs/kp-sequelizejs/node_modules/when/lib/makePromise.js:588:4)
    at callAndResolve (/home/alexey2baranov/htdocs/kp-sequelizejs/node_modules/when/lib/apply.js:34:12)
    at callAndResolveNext (/home/alexey2baranov/htdocs/kp-sequelizejs/node_modules/when/lib/apply.js:40:4)
[2016-08-31 10:15:52.587] [ INFO] console - [ 8,
  68,
  26,
  {},
  'MySuperError',
  [ 'sadkljfaskldjfs;af' ],
  { stack: 
     [ 'Error: sadkljfaskldjfs;af',
       '    at MySuperError (Server.js:124:9)',
       '    at Server.error (Server.js:128:15)',
       '    at Object.<anonymous> (Server.js:102:37)',
       '    at tryCatchResolve (/home/alexey2baranov/htdocs/kp-sequelizejs/node_modules/when/lib/apply.js:46:23)',
       '    at callAndResolve (/home/alexey2baranov/htdocs/kp-sequelizejs/node_modules/when/lib/apply.js:30:12)',
       '    at callAndResolveNext (/home/alexey2baranov/htdocs/kp-sequelizejs/node_modules/when/lib/apply.js:40:4)',
       '    at tryCatchReject3 (/home/alexey2baranov/htdocs/kp-sequelizejs/node_modules/when/lib/makePromise.js:856:7)',
       '    at runContinuation3 (/home/alexey2baranov/htdocs/kp-sequelizejs/node_modules/when/lib/makePromise.js:814:4)',
       '    at Fulfilled.fold (/home/alexey2baranov/htdocs/kp-sequelizejs/node_modules/when/lib/makePromise.js:588:4)',
       '    at callAndResolve (/home/alexey2baranov/htdocs/kp-sequelizejs/node_modules/when/lib/apply.js:34:12)',
       '    at callAndResolveNext (/home/alexey2baranov/htdocs/kp-sequelizejs/node_modules/when/lib/apply.js:40:4)',
       '    at tryCatchReject3 (/home/alexey2baranov/htdocs/kp-sequelizejs/node_modules/when/lib/makePromise.js:856:7)',
       '    at runContinuation3 (/home/alexey2baranov/htdocs/kp-sequelizejs/node_modules/when/lib/makePromise.js:814:4)',
       '    at Fulfilled.fold (/home/alexey2baranov/htdocs/kp-sequelizejs/node_modules/when/lib/makePromise.js:588:4)',
       '    at callAndResolve (/home/alexey2baranov/htdocs/kp-sequelizejs/node_modules/when/lib/apply.js:34:12)',
       '    at callAndResolveNext (/home/alexey2baranov/htdocs/kp-sequelizejs/node_modules/when/lib/apply.js:40:4)' ] } ]
[2016-08-31 10:15:52.610] [ INFO] console - [ 8,
  68,
  25,
  {},
  'wamp.error.runtime_error',
  [ { [SequelizeConnectionRefusedError: connect ECONNREFUSED 127.0.0.1:5432]
      name: 'SequelizeConnectionRefusedError',
      message: 'connect ECONNREFUSED 127.0.0.1:5432',
      parent: [Object],
      original: [Object],
      'error@context': {} } ] ]
[2016-08-31 10:16:03.534] [DEBUG] Server - #pingPong() [ 1, 2, 3 ] { x: 1, y: 2, z: 3 }
[2016-08-31 10:16:11.619] [ INFO] console - [ 70, 28, {}, [ 1, 2, 3 ], { x: 1, y: 2, z: 3 } ]
[2016-08-31 10:17:42.977] [ INFO] console - [ 8,
  68,
  29,
  {},
  'wamp.error.runtime_error',
  [ { [SequelizeConnectionRefusedError: connect ECONNREFUSED 127.0.0.1:5432]
      name: 'SequelizeConnectionRefusedError',
      message: 'connect ECONNREFUSED 127.0.0.1:5432',
      parent: [Object],
      original: [Object],
      'error@context': {} } ] ]
[2016-08-31 10:17:52.868] [ INFO] console - AutobahnJS debug enabled
[2016-08-31 10:17:54.845] [ INFO] Server - starting...
[2016-08-31 10:17:54.848] [ INFO] console - trying to create WAMP transport of type: websocket
[2016-08-31 10:17:54.954] [ INFO] console - using WAMP transport type: websocket
[2016-08-31 10:17:55.391] [ INFO] console - [ 1,
  'kopa',
  { roles: 
     { caller: [Object],
       callee: [Object],
       publisher: [Object],
       subscriber: [Object] },
    authmethods: [ 'ticket' ],
    authid: 'server' } ]
[2016-08-31 10:17:55.416] [ INFO] console - [ 5, 'server', {} ]
[2016-08-31 10:17:55.463] [ INFO] Server - connection.onopen()
[2016-08-31 10:17:55.464] [ INFO] console - [ 64, 1255574744334336, {}, 'ru.kopa.model.get' ]
[2016-08-31 10:17:55.474] [DEBUG] Server - api:model.get registered
[2016-08-31 10:17:55.478] [ INFO] console - [ 64, 4214425410076672, {}, 'ru.kopa.pingPong' ]
[2016-08-31 10:17:55.486] [DEBUG] Server - api:pingPong registered
[2016-08-31 10:17:55.488] [ INFO] console - [ 64, 8375213437747200, {}, 'ru.kopa.pingPongDatabase' ]
[2016-08-31 10:17:55.494] [DEBUG] Server - api:pingPongDatabase registered
[2016-08-31 10:17:55.496] [ INFO] console - [ 64, 7185708898844672, {}, 'ru.kopa.error' ]
[2016-08-31 10:17:55.502] [DEBUG] Server - api:error registered
[2016-08-31 10:18:02.660] [DEBUG] Server - #pingPong() [ 1, 2, 3 ] { x: 1, y: 2, z: 3 }
[2016-08-31 10:18:02.674] [ INFO] console - [ 70, 33, {}, [ 1, 2, 3 ], { x: 1, y: 2, z: 3 } ]
[2016-08-31 10:18:06.927] [DEBUG] Server - #error() [ 'sadkljfaskldjfs;af' ] {}
[2016-08-31 10:18:28.120] [ERROR] Server - [Error: sadkljfaskldjfs;af]
Error: sadkljfaskldjfs;af
    at MySuperError (Server.js:124:9)
    at Server.error (Server.js:128:15)
    at Object.<anonymous> (Server.js:102:37)
    at tryCatchResolve (/home/alexey2baranov/htdocs/kp-sequelizejs/node_modules/when/lib/apply.js:46:23)
    at callAndResolve (/home/alexey2baranov/htdocs/kp-sequelizejs/node_modules/when/lib/apply.js:30:12)
    at callAndResolveNext (/home/alexey2baranov/htdocs/kp-sequelizejs/node_modules/when/lib/apply.js:40:4)
    at tryCatchReject3 (/home/alexey2baranov/htdocs/kp-sequelizejs/node_modules/when/lib/makePromise.js:856:7)
    at runContinuation3 (/home/alexey2baranov/htdocs/kp-sequelizejs/node_modules/when/lib/makePromise.js:814:4)
    at Fulfilled.fold (/home/alexey2baranov/htdocs/kp-sequelizejs/node_modules/when/lib/makePromise.js:588:4)
    at callAndResolve (/home/alexey2baranov/htdocs/kp-sequelizejs/node_modules/when/lib/apply.js:34:12)
    at callAndResolveNext (/home/alexey2baranov/htdocs/kp-sequelizejs/node_modules/when/lib/apply.js:40:4)
    at tryCatchReject3 (/home/alexey2baranov/htdocs/kp-sequelizejs/node_modules/when/lib/makePromise.js:856:7)
    at runContinuation3 (/home/alexey2baranov/htdocs/kp-sequelizejs/node_modules/when/lib/makePromise.js:814:4)
    at Fulfilled.fold (/home/alexey2baranov/htdocs/kp-sequelizejs/node_modules/when/lib/makePromise.js:588:4)
    at callAndResolve (/home/alexey2baranov/htdocs/kp-sequelizejs/node_modules/when/lib/apply.js:34:12)
    at callAndResolveNext (/home/alexey2baranov/htdocs/kp-sequelizejs/node_modules/when/lib/apply.js:40:4)
[2016-08-31 10:18:28.129] [ INFO] console - [ 8,
  68,
  35,
  {},
  'MySuperError',
  [ 'sadkljfaskldjfs;af' ],
  { stack: 
     [ 'Error: sadkljfaskldjfs;af',
       '    at MySuperError (Server.js:124:9)',
       '    at Server.error (Server.js:128:15)',
       '    at Object.<anonymous> (Server.js:102:37)',
       '    at tryCatchResolve (/home/alexey2baranov/htdocs/kp-sequelizejs/node_modules/when/lib/apply.js:46:23)',
       '    at callAndResolve (/home/alexey2baranov/htdocs/kp-sequelizejs/node_modules/when/lib/apply.js:30:12)',
       '    at callAndResolveNext (/home/alexey2baranov/htdocs/kp-sequelizejs/node_modules/when/lib/apply.js:40:4)',
       '    at tryCatchReject3 (/home/alexey2baranov/htdocs/kp-sequelizejs/node_modules/when/lib/makePromise.js:856:7)',
       '    at runContinuation3 (/home/alexey2baranov/htdocs/kp-sequelizejs/node_modules/when/lib/makePromise.js:814:4)',
       '    at Fulfilled.fold (/home/alexey2baranov/htdocs/kp-sequelizejs/node_modules/when/lib/makePromise.js:588:4)',
       '    at callAndResolve (/home/alexey2baranov/htdocs/kp-sequelizejs/node_modules/when/lib/apply.js:34:12)',
       '    at callAndResolveNext (/home/alexey2baranov/htdocs/kp-sequelizejs/node_modules/when/lib/apply.js:40:4)',
       '    at tryCatchReject3 (/home/alexey2baranov/htdocs/kp-sequelizejs/node_modules/when/lib/makePromise.js:856:7)',
       '    at runContinuation3 (/home/alexey2baranov/htdocs/kp-sequelizejs/node_modules/when/lib/makePromise.js:814:4)',
       '    at Fulfilled.fold (/home/alexey2baranov/htdocs/kp-sequelizejs/node_modules/when/lib/makePromise.js:588:4)',
       '    at callAndResolve (/home/alexey2baranov/htdocs/kp-sequelizejs/node_modules/when/lib/apply.js:34:12)',
       '    at callAndResolveNext (/home/alexey2baranov/htdocs/kp-sequelizejs/node_modules/when/lib/apply.js:40:4)' ] } ]
[2016-08-31 10:18:28.154] [ INFO] console - [ 8,
  68,
  34,
  {},
  'wamp.error.runtime_error',
  [ { [SequelizeConnectionRefusedError: connect ECONNREFUSED 127.0.0.1:5432]
      name: 'SequelizeConnectionRefusedError',
      message: 'connect ECONNREFUSED 127.0.0.1:5432',
      parent: [Object],
      original: [Object],
      'error@context': {} } ] ]
[2016-08-31 10:21:26.873] [ INFO] console - AutobahnJS debug enabled
[2016-08-31 10:21:28.511] [ INFO] Server - starting...
[2016-08-31 10:21:28.513] [ INFO] console - trying to create WAMP transport of type: websocket
[2016-08-31 10:21:28.601] [ INFO] console - using WAMP transport type: websocket
[2016-08-31 10:21:28.787] [ INFO] console - [ 1,
  'kopa',
  { roles: 
     { caller: [Object],
       callee: [Object],
       publisher: [Object],
       subscriber: [Object] },
    authmethods: [ 'ticket' ],
    authid: 'server' } ]
[2016-08-31 10:21:28.810] [ INFO] console - [ 5, 'server', {} ]
[2016-08-31 10:21:28.872] [ INFO] Server - connection.onopen()
[2016-08-31 10:21:28.874] [ INFO] console - [ 64, 5390564432281600, {}, 'ru.kopa.model.get' ]
[2016-08-31 10:21:28.876] [DEBUG] Server - api:model.get registered
[2016-08-31 10:21:28.882] [ INFO] console - [ 64, 6652610792652800, {}, 'ru.kopa.pingPong' ]
[2016-08-31 10:21:28.886] [DEBUG] Server - api:pingPong registered
[2016-08-31 10:21:28.890] [ INFO] console - [ 64, 2937164251791360, {}, 'ru.kopa.pingPongDatabase' ]
[2016-08-31 10:21:28.892] [DEBUG] Server - api:pingPongDatabase registered
[2016-08-31 10:21:28.897] [ INFO] console - [ 64, 2477396766752768, {}, 'ru.kopa.error' ]
[2016-08-31 10:21:28.900] [DEBUG] Server - api:error registered
[2016-08-31 10:21:38.905] [DEBUG] Server - #pingPong() [ 1, 2, 3 ] { x: 1, y: 2, z: 3 }
[2016-08-31 10:21:38.914] [ INFO] console - [ 70, 38, {}, [ 1, 2, 3 ], { x: 1, y: 2, z: 3 } ]
[2016-08-31 10:22:02.134] [DEBUG] Server - #error() [ 'sadkljfaskldjfs;af' ] {}
[2016-08-31 10:22:02.139] [ INFO] console - [ 8,
  68,
  40,
  {},
  'wamp.error.runtime_error',
  [ [Error: sadkljfaskldjfs;af] ] ]
[2016-08-31 10:22:02.149] [ INFO] console - [ 8,
  68,
  39,
  {},
  'wamp.error.runtime_error',
  [ { [SequelizeConnectionRefusedError: connect ECONNREFUSED 127.0.0.1:5432]
      name: 'SequelizeConnectionRefusedError',
      message: 'connect ECONNREFUSED 127.0.0.1:5432',
      parent: [Object],
      original: [Object],
      'error@context': {} } ] ]
[2016-08-31 10:34:19.256] [ INFO] console - AutobahnJS debug enabled
[2016-08-31 10:34:21.080] [ INFO] Server - starting...
[2016-08-31 10:34:21.083] [ INFO] console - trying to create WAMP transport of type: websocket
[2016-08-31 10:34:21.206] [ INFO] console - using WAMP transport type: websocket
[2016-08-31 10:34:21.519] [ INFO] console - [ 1,
  'kopa',
  { roles: 
     { caller: [Object],
       callee: [Object],
       publisher: [Object],
       subscriber: [Object] },
    authmethods: [ 'ticket' ],
    authid: 'server' } ]
[2016-08-31 10:34:21.560] [ INFO] console - [ 5, 'server', {} ]
[2016-08-31 10:34:21.610] [ INFO] Server - connection.onopen()
[2016-08-31 10:34:21.612] [ INFO] console - [ 64, 6755806619893760, {}, 'ru.kopa.model.get' ]
[2016-08-31 10:34:21.624] [DEBUG] Server - api:model.get registered
[2016-08-31 10:34:21.626] [ INFO] console - [ 64, 7622165006385152, {}, 'ru.kopa.pingPong' ]
[2016-08-31 10:34:21.632] [DEBUG] Server - api:pingPong registered
[2016-08-31 10:34:21.633] [ INFO] console - [ 64, 3051163888910336, {}, 'ru.kopa.pingPongDatabase' ]
[2016-08-31 10:34:21.638] [DEBUG] Server - api:pingPongDatabase registered
[2016-08-31 10:34:21.639] [ INFO] console - [ 64, 7174548531183616, {}, 'ru.kopa.error' ]
[2016-08-31 10:34:21.649] [DEBUG] Server - api:error registered
[2016-08-31 10:34:41.862] [DEBUG] Server - #pingPong() [ 1, 2, 3 ] { x: 1, y: 2, z: 3 }
[2016-08-31 10:34:41.883] [ INFO] console - [ 70, 43, {}, [ 1, 2, 3 ], { x: 1, y: 2, z: 3 } ]
[2016-08-31 10:34:51.026] [ERROR] Server - { [SequelizeConnectionRefusedError: connect ECONNREFUSED 127.0.0.1:5432]
  name: 'SequelizeConnectionRefusedError',
  message: 'connect ECONNREFUSED 127.0.0.1:5432',
  parent: 
   { [Error: connect ECONNREFUSED 127.0.0.1:5432]
     code: 'ECONNREFUSED',
     errno: 'ECONNREFUSED',
     syscall: 'connect',
     address: '127.0.0.1',
     port: 5432 },
  original: 
   { [Error: connect ECONNREFUSED 127.0.0.1:5432]
     code: 'ECONNREFUSED',
     errno: 'ECONNREFUSED',
     syscall: 'connect',
     address: '127.0.0.1',
     port: 5432 },
  'error@context': {} }
SequelizeConnectionRefusedError: connect ECONNREFUSED 127.0.0.1:5432
    at /home/alexey2baranov/htdocs/kp-sequelizejs/node_modules/sequelize/lib/dialects/postgres/connection-manager.js:98:20
    at [object Object].<anonymous> (/home/alexey2baranov/htdocs/kp-sequelizejs/node_modules/pg/lib/client.js:185:5)
    at emitOne (events.js:77:13)
    at [object Object].emit (events.js:169:7)
    at Socket.<anonymous> (/home/alexey2baranov/htdocs/kp-sequelizejs/node_modules/pg/lib/connection.js:71:10)
    at emitOne (events.js:77:13)
    at Socket.emit (events.js:169:7)
    at emitErrorNT (net.js:1269:8)
    at asyncWrap (/home/alexey2baranov/htdocs/kp-sequelizejs/node_modules/async-listener/glue.js:188:31)
    at nextTickCallbackWith2Args (node.js:442:9)
    at process._tickDomainCallback [as _tickCallback] (node.js:397:17)
[2016-08-31 10:34:51.042] [ INFO] console - [ 8,
  68,
  44,
  {},
  '',
  [ 'connect ECONNREFUSED 127.0.0.1:5432' ],
  { stack: 
     [ 'SequelizeConnectionRefusedError: connect ECONNREFUSED 127.0.0.1:5432',
       '    at /home/alexey2baranov/htdocs/kp-sequelizejs/node_modules/sequelize/lib/dialects/postgres/connection-manager.js:98:20',
       '    at [object Object].<anonymous> (/home/alexey2baranov/htdocs/kp-sequelizejs/node_modules/pg/lib/client.js:185:5)',
       '    at emitOne (events.js:77:13)',
       '    at [object Object].emit (events.js:169:7)',
       '    at Socket.<anonymous> (/home/alexey2baranov/htdocs/kp-sequelizejs/node_modules/pg/lib/connection.js:71:10)',
       '    at emitOne (events.js:77:13)',
       '    at Socket.emit (events.js:169:7)',
       '    at emitErrorNT (net.js:1269:8)',
       '    at asyncWrap (/home/alexey2baranov/htdocs/kp-sequelizejs/node_modules/async-listener/glue.js:188:31)',
       '    at nextTickCallbackWith2Args (node.js:442:9)',
       '    at process._tickDomainCallback [as _tickCallback] (node.js:397:17)' ] } ]
[2016-08-31 10:34:51.056] [DEBUG] Server - #error() [ 'sadkljfaskldjfs;af' ] {}
[2016-08-31 10:34:54.160] [ERROR] Server - [Error: sadkljfaskldjfs;af]
Error: sadkljfaskldjfs;af
    at MySuperError (Server.js:124:9)
    at fn.constructor.error.Error (Server.js:129:19)
    at new wrappedPromise (/home/alexey2baranov/htdocs/kp-sequelizejs/node_modules/async-listener/index.js:372:16)
    at Server.error (Server.js:128:16)
    at Object.<anonymous> (Server.js:102:43)
    at [object Generator].next (native)
    at step (/home/alexey2baranov/htdocs/kp-sequelizejs/src/Server.js:1:253)
    at /home/alexey2baranov/htdocs/kp-sequelizejs/src/Server.js:1:513
    at new wrappedPromise (/home/alexey2baranov/htdocs/kp-sequelizejs/node_modules/async-listener/index.js:372:16)
    at Object.<anonymous> (/home/alexey2baranov/htdocs/kp-sequelizejs/src/Server.js:1:161)
    at Object.<anonymous> (Server.js:99:27)
    at tryCatchResolve (/home/alexey2baranov/htdocs/kp-sequelizejs/node_modules/when/lib/apply.js:46:23)
    at callAndResolve (/home/alexey2baranov/htdocs/kp-sequelizejs/node_modules/when/lib/apply.js:30:12)
    at callAndResolveNext (/home/alexey2baranov/htdocs/kp-sequelizejs/node_modules/when/lib/apply.js:40:4)
    at tryCatchReject3 (/home/alexey2baranov/htdocs/kp-sequelizejs/node_modules/when/lib/makePromise.js:856:7)
    at runContinuation3 (/home/alexey2baranov/htdocs/kp-sequelizejs/node_modules/when/lib/makePromise.js:814:4)
[2016-08-31 10:35:01.223] [ INFO] console - [ 8,
  68,
  45,
  {},
  'MySuperError',
  [ 'sadkljfaskldjfs;af' ],
  { stack: 
     [ 'Error: sadkljfaskldjfs;af',
       '    at MySuperError (Server.js:124:9)',
       '    at fn.constructor.error.Error (Server.js:129:19)',
       '    at new wrappedPromise (/home/alexey2baranov/htdocs/kp-sequelizejs/node_modules/async-listener/index.js:372:16)',
       '    at Server.error (Server.js:128:16)',
       '    at Object.<anonymous> (Server.js:102:43)',
       '    at [object Generator].next (native)',
       '    at step (/home/alexey2baranov/htdocs/kp-sequelizejs/src/Server.js:1:253)',
       '    at /home/alexey2baranov/htdocs/kp-sequelizejs/src/Server.js:1:513',
       '    at new wrappedPromise (/home/alexey2baranov/htdocs/kp-sequelizejs/node_modules/async-listener/index.js:372:16)',
       '    at Object.<anonymous> (/home/alexey2baranov/htdocs/kp-sequelizejs/src/Server.js:1:161)',
       '    at Object.<anonymous> (Server.js:99:27)',
       '    at tryCatchResolve (/home/alexey2baranov/htdocs/kp-sequelizejs/node_modules/when/lib/apply.js:46:23)',
       '    at callAndResolve (/home/alexey2baranov/htdocs/kp-sequelizejs/node_modules/when/lib/apply.js:30:12)',
       '    at callAndResolveNext (/home/alexey2baranov/htdocs/kp-sequelizejs/node_modules/when/lib/apply.js:40:4)',
       '    at tryCatchReject3 (/home/alexey2baranov/htdocs/kp-sequelizejs/node_modules/when/lib/makePromise.js:856:7)',
       '    at runContinuation3 (/home/alexey2baranov/htdocs/kp-sequelizejs/node_modules/when/lib/makePromise.js:814:4)' ] } ]
[2016-08-31 10:35:01.255] [ INFO] Server - connection.onclose() lost { reason: null,
  message: null,
  retry_delay: 1.3252102741149425,
  retry_count: 1,
  will_retry: true }
[2016-08-31 10:35:01.257] [ERROR] Server - [ReferenceError: INTERVAL is not defined]
ReferenceError: INTERVAL is not defined
    at [object Object].fn.constructor.WAMP.onclose (Server.js:83:31)
    at Object.Connection.open.self._transport.onclose (/home/alexey2baranov/htdocs/kp-sequelizejs/node_modules/autobahn/lib/connection.js:370:41)
    at WebSocket.<anonymous> (/home/alexey2baranov/htdocs/kp-sequelizejs/node_modules/autobahn/lib/transport/websocket.js:135:23)
    at emitTwo (events.js:87:13)
    at WebSocket.emit (events.js:172:7)
    at WebSocket.cleanupWebsocketResources (/home/alexey2baranov/htdocs/kp-sequelizejs/node_modules/ws/lib/WebSocket.js:950:8)
    at emitOne (events.js:77:13)
    at Socket.emit (events.js:169:7)
    at emitErrorNT (net.js:1269:8)
    at asyncWrap (/home/alexey2baranov/htdocs/kp-sequelizejs/node_modules/async-listener/glue.js:188:31)
    at nextTickCallbackWith2Args (node.js:442:9)
    at process._tickDomainCallback [as _tickCallback] (node.js:397:17)
[2016-08-31 10:35:01.264] [ INFO] console - retrying in 1.3252102741149425 s
[2016-08-31 10:35:02.591] [ INFO] console - trying to create WAMP transport of type: websocket
[2016-08-31 10:35:02.599] [ INFO] console - using WAMP transport type: websocket
[2016-08-31 10:35:02.640] [ INFO] console - [ 1,
  'kopa',
  { roles: 
     { caller: [Object],
       callee: [Object],
       publisher: [Object],
       subscriber: [Object] },
    authmethods: [ 'ticket' ],
    authid: 'server' } ]
[2016-08-31 10:35:02.652] [ INFO] console - [ 5, 'server', {} ]
[2016-08-31 10:35:02.683] [ INFO] Server - connection.onopen()
[2016-08-31 10:35:02.684] [ INFO] console - [ 64, 3720743649017856, {}, 'ru.kopa.model.get' ]
[2016-08-31 10:35:02.692] [DEBUG] Server - api:model.get registered
[2016-08-31 10:35:02.693] [ INFO] console - [ 64, 7596052838350848, {}, 'ru.kopa.pingPong' ]
[2016-08-31 10:35:02.701] [DEBUG] Server - api:pingPong registered
[2016-08-31 10:35:02.702] [ INFO] console - [ 64, 8973860225417216, {}, 'ru.kopa.pingPongDatabase' ]
[2016-08-31 10:35:02.715] [DEBUG] Server - api:pingPongDatabase registered
[2016-08-31 10:35:02.717] [ INFO] console - [ 64, 2097326602584064, {}, 'ru.kopa.error' ]
[2016-08-31 10:35:02.724] [DEBUG] Server - api:error registered
[2016-08-31 10:35:11.347] [DEBUG] Server - #pingPong() [ 1, 2, 3 ] { x: 1, y: 2, z: 3 }
[2016-08-31 10:35:11.360] [ INFO] console - [ 70, 48, {}, [ 1, 2, 3 ], { x: 1, y: 2, z: 3 } ]
[2016-08-31 10:35:11.390] [ERROR] Server - { [SequelizeConnectionRefusedError: connect ECONNREFUSED 127.0.0.1:5432]
  name: 'SequelizeConnectionRefusedError',
  message: 'connect ECONNREFUSED 127.0.0.1:5432',
  parent: 
   { [Error: connect ECONNREFUSED 127.0.0.1:5432]
     code: 'ECONNREFUSED',
     errno: 'ECONNREFUSED',
     syscall: 'connect',
     address: '127.0.0.1',
     port: 5432 },
  original: 
   { [Error: connect ECONNREFUSED 127.0.0.1:5432]
     code: 'ECONNREFUSED',
     errno: 'ECONNREFUSED',
     syscall: 'connect',
     address: '127.0.0.1',
     port: 5432 },
  'error@context': {} }
SequelizeConnectionRefusedError: connect ECONNREFUSED 127.0.0.1:5432
    at /home/alexey2baranov/htdocs/kp-sequelizejs/node_modules/sequelize/lib/dialects/postgres/connection-manager.js:98:20
    at [object Object].<anonymous> (/home/alexey2baranov/htdocs/kp-sequelizejs/node_modules/pg/lib/client.js:185:5)
    at emitOne (events.js:77:13)
    at [object Object].emit (events.js:169:7)
    at Socket.<anonymous> (/home/alexey2baranov/htdocs/kp-sequelizejs/node_modules/pg/lib/connection.js:71:10)
    at emitOne (events.js:77:13)
    at Socket.emit (events.js:169:7)
    at emitErrorNT (net.js:1269:8)
    at asyncWrap (/home/alexey2baranov/htdocs/kp-sequelizejs/node_modules/async-listener/glue.js:188:31)
    at nextTickCallbackWith2Args (node.js:442:9)
    at process._tickDomainCallback [as _tickCallback] (node.js:397:17)
[2016-08-31 10:35:11.407] [ INFO] console - [ 8,
  68,
  49,
  {},
  '',
  [ 'connect ECONNREFUSED 127.0.0.1:5432' ],
  { stack: 
     [ 'SequelizeConnectionRefusedError: connect ECONNREFUSED 127.0.0.1:5432',
       '    at /home/alexey2baranov/htdocs/kp-sequelizejs/node_modules/sequelize/lib/dialects/postgres/connection-manager.js:98:20',
       '    at [object Object].<anonymous> (/home/alexey2baranov/htdocs/kp-sequelizejs/node_modules/pg/lib/client.js:185:5)',
       '    at emitOne (events.js:77:13)',
       '    at [object Object].emit (events.js:169:7)',
       '    at Socket.<anonymous> (/home/alexey2baranov/htdocs/kp-sequelizejs/node_modules/pg/lib/connection.js:71:10)',
       '    at emitOne (events.js:77:13)',
       '    at Socket.emit (events.js:169:7)',
       '    at emitErrorNT (net.js:1269:8)',
       '    at asyncWrap (/home/alexey2baranov/htdocs/kp-sequelizejs/node_modules/async-listener/glue.js:188:31)',
       '    at nextTickCallbackWith2Args (node.js:442:9)',
       '    at process._tickDomainCallback [as _tickCallback] (node.js:397:17)' ] } ]
[2016-08-31 10:35:11.428] [ INFO] Server - connection.onclose() lost { reason: null,
  message: null,
  retry_delay: 1.7521997524390758,
  retry_count: 1,
  will_retry: true }
[2016-08-31 10:35:11.430] [ERROR] Server - [ReferenceError: INTERVAL is not defined]
ReferenceError: INTERVAL is not defined
    at [object Object].fn.constructor.WAMP.onclose (Server.js:83:31)
    at Object.Connection.open.self._transport.onclose (/home/alexey2baranov/htdocs/kp-sequelizejs/node_modules/autobahn/lib/connection.js:370:41)
    at WebSocket.<anonymous> (/home/alexey2baranov/htdocs/kp-sequelizejs/node_modules/autobahn/lib/transport/websocket.js:135:23)
    at emitTwo (events.js:87:13)
    at WebSocket.emit (events.js:172:7)
    at WebSocket.cleanupWebsocketResources (/home/alexey2baranov/htdocs/kp-sequelizejs/node_modules/ws/lib/WebSocket.js:950:8)
    at emitOne (events.js:77:13)
    at Socket.emit (events.js:169:7)
    at emitErrorNT (net.js:1269:8)
    at asyncWrap (/home/alexey2baranov/htdocs/kp-sequelizejs/node_modules/async-listener/glue.js:188:31)
    at nextTickCallbackWith2Args (node.js:442:9)
    at process._tickDomainCallback [as _tickCallback] (node.js:397:17)
[2016-08-31 10:35:11.435] [ INFO] console - retrying in 1.7521997524390758 s
[2016-08-31 10:35:13.188] [ INFO] console - trying to create WAMP transport of type: websocket
[2016-08-31 10:35:13.194] [ INFO] console - using WAMP transport type: websocket
[2016-08-31 10:35:13.253] [ INFO] console - [ 1,
  'kopa',
  { roles: 
     { caller: [Object],
       callee: [Object],
       publisher: [Object],
       subscriber: [Object] },
    authmethods: [ 'ticket' ],
    authid: 'server' } ]
[2016-08-31 10:35:13.270] [ INFO] console - [ 5, 'server', {} ]
[2016-08-31 10:35:13.292] [ INFO] Server - connection.onopen()
[2016-08-31 10:35:13.293] [ INFO] console - [ 64, 8339010170650624, {}, 'ru.kopa.model.get' ]
[2016-08-31 10:35:13.302] [DEBUG] Server - api:model.get registered
[2016-08-31 10:35:13.304] [ INFO] console - [ 64, 2280424537587712, {}, 'ru.kopa.pingPong' ]
[2016-08-31 10:35:13.315] [DEBUG] Server - api:pingPong registered
[2016-08-31 10:35:13.320] [ INFO] console - [ 64, 3891967744278528, {}, 'ru.kopa.pingPongDatabase' ]
[2016-08-31 10:35:13.327] [DEBUG] Server - api:pingPongDatabase registered
[2016-08-31 10:35:13.328] [ INFO] console - [ 64, 3429525388001280, {}, 'ru.kopa.error' ]
[2016-08-31 10:35:13.334] [DEBUG] Server - api:error registered
[2016-08-31 10:35:13.384] [DEBUG] Server - #error() [ 'sadkljfaskldjfs;af' ] {}
[2016-08-31 10:35:13.387] [ERROR] Server - [Error: sadkljfaskldjfs;af]
Error: sadkljfaskldjfs;af
    at MySuperError (Server.js:124:9)
    at fn.constructor.error.Error (Server.js:129:19)
    at new wrappedPromise (/home/alexey2baranov/htdocs/kp-sequelizejs/node_modules/async-listener/index.js:372:16)
    at Server.error (Server.js:128:16)
    at Object.<anonymous> (Server.js:102:43)
    at [object Generator].next (native)
    at step (/home/alexey2baranov/htdocs/kp-sequelizejs/src/Server.js:1:253)
    at /home/alexey2baranov/htdocs/kp-sequelizejs/src/Server.js:1:513
    at new wrappedPromise (/home/alexey2baranov/htdocs/kp-sequelizejs/node_modules/async-listener/index.js:372:16)
    at Object.<anonymous> (/home/alexey2baranov/htdocs/kp-sequelizejs/src/Server.js:1:161)
    at Object.<anonymous> (Server.js:99:27)
    at tryCatchResolve (/home/alexey2baranov/htdocs/kp-sequelizejs/node_modules/when/lib/apply.js:46:23)
    at callAndResolve (/home/alexey2baranov/htdocs/kp-sequelizejs/node_modules/when/lib/apply.js:30:12)
    at callAndResolveNext (/home/alexey2baranov/htdocs/kp-sequelizejs/node_modules/when/lib/apply.js:40:4)
    at tryCatchReject3 (/home/alexey2baranov/htdocs/kp-sequelizejs/node_modules/when/lib/makePromise.js:856:7)
    at runContinuation3 (/home/alexey2baranov/htdocs/kp-sequelizejs/node_modules/when/lib/makePromise.js:814:4)
[2016-08-31 10:35:13.397] [ INFO] console - [ 8,
  68,
  51,
  {},
  'MySuperError',
  [ 'sadkljfaskldjfs;af' ],
  { stack: 
     [ 'Error: sadkljfaskldjfs;af',
       '    at MySuperError (Server.js:124:9)',
       '    at fn.constructor.error.Error (Server.js:129:19)',
       '    at new wrappedPromise (/home/alexey2baranov/htdocs/kp-sequelizejs/node_modules/async-listener/index.js:372:16)',
       '    at Server.error (Server.js:128:16)',
       '    at Object.<anonymous> (Server.js:102:43)',
       '    at [object Generator].next (native)',
       '    at step (/home/alexey2baranov/htdocs/kp-sequelizejs/src/Server.js:1:253)',
       '    at /home/alexey2baranov/htdocs/kp-sequelizejs/src/Server.js:1:513',
       '    at new wrappedPromise (/home/alexey2baranov/htdocs/kp-sequelizejs/node_modules/async-listener/index.js:372:16)',
       '    at Object.<anonymous> (/home/alexey2baranov/htdocs/kp-sequelizejs/src/Server.js:1:161)',
       '    at Object.<anonymous> (Server.js:99:27)',
       '    at tryCatchResolve (/home/alexey2baranov/htdocs/kp-sequelizejs/node_modules/when/lib/apply.js:46:23)',
       '    at callAndResolve (/home/alexey2baranov/htdocs/kp-sequelizejs/node_modules/when/lib/apply.js:30:12)',
       '    at callAndResolveNext (/home/alexey2baranov/htdocs/kp-sequelizejs/node_modules/when/lib/apply.js:40:4)',
       '    at tryCatchReject3 (/home/alexey2baranov/htdocs/kp-sequelizejs/node_modules/when/lib/makePromise.js:856:7)',
       '    at runContinuation3 (/home/alexey2baranov/htdocs/kp-sequelizejs/node_modules/when/lib/makePromise.js:814:4)' ] } ]
[2016-08-31 10:35:55.294] [DEBUG] Server - #pingPong() [ 1, 2, 3 ] { x: 1, y: 2, z: 3 }
[2016-08-31 10:35:55.303] [ INFO] console - [ 70, 53, {}, [ 1, 2, 3 ], { x: 1, y: 2, z: 3 } ]
[2016-08-31 10:36:25.437] [ERROR] Server - { [SequelizeConnectionRefusedError: connect ECONNREFUSED 127.0.0.1:5432]
  name: 'SequelizeConnectionRefusedError',
  message: 'connect ECONNREFUSED 127.0.0.1:5432',
  parent: 
   { [Error: connect ECONNREFUSED 127.0.0.1:5432]
     code: 'ECONNREFUSED',
     errno: 'ECONNREFUSED',
     syscall: 'connect',
     address: '127.0.0.1',
     port: 5432 },
  original: 
   { [Error: connect ECONNREFUSED 127.0.0.1:5432]
     code: 'ECONNREFUSED',
     errno: 'ECONNREFUSED',
     syscall: 'connect',
     address: '127.0.0.1',
     port: 5432 },
  'error@context': {} }
SequelizeConnectionRefusedError: connect ECONNREFUSED 127.0.0.1:5432
    at /home/alexey2baranov/htdocs/kp-sequelizejs/node_modules/sequelize/lib/dialects/postgres/connection-manager.js:98:20
    at [object Object].<anonymous> (/home/alexey2baranov/htdocs/kp-sequelizejs/node_modules/pg/lib/client.js:185:5)
    at emitOne (events.js:77:13)
    at [object Object].emit (events.js:169:7)
    at Socket.<anonymous> (/home/alexey2baranov/htdocs/kp-sequelizejs/node_modules/pg/lib/connection.js:71:10)
    at emitOne (events.js:77:13)
    at Socket.emit (events.js:169:7)
    at emitErrorNT (net.js:1269:8)
    at asyncWrap (/home/alexey2baranov/htdocs/kp-sequelizejs/node_modules/async-listener/glue.js:188:31)
    at nextTickCallbackWith2Args (node.js:442:9)
    at process._tickDomainCallback [as _tickCallback] (node.js:397:17)
[2016-08-31 10:37:21.583] [ INFO] console - [ 8,
  68,
  54,
  {},
  '',
  [ 'connect ECONNREFUSED 127.0.0.1:5432' ],
  { stack: 
     [ 'SequelizeConnectionRefusedError: connect ECONNREFUSED 127.0.0.1:5432',
       '    at /home/alexey2baranov/htdocs/kp-sequelizejs/node_modules/sequelize/lib/dialects/postgres/connection-manager.js:98:20',
       '    at [object Object].<anonymous> (/home/alexey2baranov/htdocs/kp-sequelizejs/node_modules/pg/lib/client.js:185:5)',
       '    at emitOne (events.js:77:13)',
       '    at [object Object].emit (events.js:169:7)',
       '    at Socket.<anonymous> (/home/alexey2baranov/htdocs/kp-sequelizejs/node_modules/pg/lib/connection.js:71:10)',
       '    at emitOne (events.js:77:13)',
       '    at Socket.emit (events.js:169:7)',
       '    at emitErrorNT (net.js:1269:8)',
       '    at asyncWrap (/home/alexey2baranov/htdocs/kp-sequelizejs/node_modules/async-listener/glue.js:188:31)',
       '    at nextTickCallbackWith2Args (node.js:442:9)',
       '    at process._tickDomainCallback [as _tickCallback] (node.js:397:17)' ] } ]
[2016-08-31 10:37:21.615] [DEBUG] Server - #error() [ 'sadkljfaskldjfs;af' ] {}
[2016-08-31 10:37:31.691] [ERROR] Server - [Error: sadkljfaskldjfs;af]
Error: sadkljfaskldjfs;af
    at MySuperError (Server.js:124:9)
    at fn.constructor.error.Error (Server.js:129:19)
    at new wrappedPromise (/home/alexey2baranov/htdocs/kp-sequelizejs/node_modules/async-listener/index.js:372:16)
    at Server.error (Server.js:128:16)
    at Object.<anonymous> (Server.js:102:43)
    at [object Generator].next (native)
    at step (/home/alexey2baranov/htdocs/kp-sequelizejs/src/Server.js:1:253)
    at /home/alexey2baranov/htdocs/kp-sequelizejs/src/Server.js:1:513
    at new wrappedPromise (/home/alexey2baranov/htdocs/kp-sequelizejs/node_modules/async-listener/index.js:372:16)
    at Object.<anonymous> (/home/alexey2baranov/htdocs/kp-sequelizejs/src/Server.js:1:161)
    at Object.<anonymous> (Server.js:99:27)
    at tryCatchResolve (/home/alexey2baranov/htdocs/kp-sequelizejs/node_modules/when/lib/apply.js:46:23)
    at callAndResolve (/home/alexey2baranov/htdocs/kp-sequelizejs/node_modules/when/lib/apply.js:30:12)
    at callAndResolveNext (/home/alexey2baranov/htdocs/kp-sequelizejs/node_modules/when/lib/apply.js:40:4)
    at tryCatchReject3 (/home/alexey2baranov/htdocs/kp-sequelizejs/node_modules/when/lib/makePromise.js:856:7)
    at runContinuation3 (/home/alexey2baranov/htdocs/kp-sequelizejs/node_modules/when/lib/makePromise.js:814:4)
[2016-08-31 10:37:31.694] [ INFO] console - [ 8,
  68,
  55,
  {},
  'MySuperError',
  [ 'sadkljfaskldjfs;af' ],
  { stack: 
     [ 'Error: sadkljfaskldjfs;af',
       '    at MySuperError (Server.js:124:9)',
       '    at fn.constructor.error.Error (Server.js:129:19)',
       '    at new wrappedPromise (/home/alexey2baranov/htdocs/kp-sequelizejs/node_modules/async-listener/index.js:372:16)',
       '    at Server.error (Server.js:128:16)',
       '    at Object.<anonymous> (Server.js:102:43)',
       '    at [object Generator].next (native)',
       '    at step (/home/alexey2baranov/htdocs/kp-sequelizejs/src/Server.js:1:253)',
       '    at /home/alexey2baranov/htdocs/kp-sequelizejs/src/Server.js:1:513',
       '    at new wrappedPromise (/home/alexey2baranov/htdocs/kp-sequelizejs/node_modules/async-listener/index.js:372:16)',
       '    at Object.<anonymous> (/home/alexey2baranov/htdocs/kp-sequelizejs/src/Server.js:1:161)',
       '    at Object.<anonymous> (Server.js:99:27)',
       '    at tryCatchResolve (/home/alexey2baranov/htdocs/kp-sequelizejs/node_modules/when/lib/apply.js:46:23)',
       '    at callAndResolve (/home/alexey2baranov/htdocs/kp-sequelizejs/node_modules/when/lib/apply.js:30:12)',
       '    at callAndResolveNext (/home/alexey2baranov/htdocs/kp-sequelizejs/node_modules/when/lib/apply.js:40:4)',
       '    at tryCatchReject3 (/home/alexey2baranov/htdocs/kp-sequelizejs/node_modules/when/lib/makePromise.js:856:7)',
       '    at runContinuation3 (/home/alexey2baranov/htdocs/kp-sequelizejs/node_modules/when/lib/makePromise.js:814:4)' ] } ]
[2016-08-31 10:37:31.712] [ INFO] Server - connection.onclose() lost { reason: null,
  message: null,
  retry_delay: 1.1990984887692233,
  retry_count: 1,
  will_retry: true }
[2016-08-31 10:37:31.721] [ERROR] Server - [ReferenceError: INTERVAL is not defined]
ReferenceError: INTERVAL is not defined
    at [object Object].fn.constructor.WAMP.onclose (Server.js:83:31)
    at Object.Connection.open.self._transport.onclose (/home/alexey2baranov/htdocs/kp-sequelizejs/node_modules/autobahn/lib/connection.js:370:41)
    at WebSocket.<anonymous> (/home/alexey2baranov/htdocs/kp-sequelizejs/node_modules/autobahn/lib/transport/websocket.js:135:23)
    at emitTwo (events.js:87:13)
    at WebSocket.emit (events.js:172:7)
    at WebSocket.cleanupWebsocketResources (/home/alexey2baranov/htdocs/kp-sequelizejs/node_modules/ws/lib/WebSocket.js:950:8)
    at emitOne (events.js:77:13)
    at Socket.emit (events.js:169:7)
    at emitErrorNT (net.js:1269:8)
    at asyncWrap (/home/alexey2baranov/htdocs/kp-sequelizejs/node_modules/async-listener/glue.js:188:31)
    at nextTickCallbackWith2Args (node.js:442:9)
    at process._tickDomainCallback [as _tickCallback] (node.js:397:17)
[2016-08-31 10:37:31.731] [ INFO] console - retrying in 1.1990984887692233 s
[2016-08-31 10:37:32.933] [ INFO] console - trying to create WAMP transport of type: websocket
[2016-08-31 10:37:32.948] [ INFO] console - using WAMP transport type: websocket
[2016-08-31 10:37:32.983] [ INFO] console - [ 1,
  'kopa',
  { roles: 
     { caller: [Object],
       callee: [Object],
       publisher: [Object],
       subscriber: [Object] },
    authmethods: [ 'ticket' ],
    authid: 'server' } ]
[2016-08-31 10:37:32.999] [ INFO] console - [ 5, 'server', {} ]
[2016-08-31 10:37:33.154] [ INFO] Server - connection.onopen()
[2016-08-31 10:37:33.156] [ INFO] console - [ 64, 8920791926177792, {}, 'ru.kopa.model.get' ]
[2016-08-31 10:37:33.216] [DEBUG] Server - api:model.get registered
[2016-08-31 10:37:33.217] [ INFO] console - [ 64, 7280419315646464, {}, 'ru.kopa.pingPong' ]
[2016-08-31 10:37:33.229] [DEBUG] Server - api:pingPong registered
[2016-08-31 10:37:33.231] [ INFO] console - [ 64, 6138169741279232, {}, 'ru.kopa.pingPongDatabase' ]
[2016-08-31 10:37:33.237] [DEBUG] Server - api:pingPongDatabase registered
[2016-08-31 10:37:33.238] [ INFO] console - [ 64, 7555587762028544, {}, 'ru.kopa.error' ]
[2016-08-31 10:37:33.245] [DEBUG] Server - api:error registered
[2016-08-31 10:37:43.076] [ INFO] console - AutobahnJS debug enabled
[2016-08-31 10:37:44.710] [ INFO] Server - starting...
[2016-08-31 10:37:44.713] [ INFO] console - trying to create WAMP transport of type: websocket
[2016-08-31 10:37:44.818] [ INFO] console - using WAMP transport type: websocket
[2016-08-31 10:37:45.034] [ INFO] console - [ 1,
  'kopa',
  { roles: 
     { caller: [Object],
       callee: [Object],
       publisher: [Object],
       subscriber: [Object] },
    authmethods: [ 'ticket' ],
    authid: 'server' } ]
[2016-08-31 10:37:45.055] [ INFO] console - [ 5, 'server', {} ]
[2016-08-31 10:37:45.094] [ INFO] Server - connection.onopen()
[2016-08-31 10:37:45.096] [ INFO] console - [ 64, 3472565303508992, {}, 'ru.kopa.model.get' ]
[2016-08-31 10:37:45.105] [DEBUG] Server - api:model.get registered
[2016-08-31 10:37:45.107] [ INFO] console - [ 64, 1595442926190592, {}, 'ru.kopa.pingPong' ]
[2016-08-31 10:37:45.118] [DEBUG] Server - api:pingPong registered
[2016-08-31 10:37:45.118] [ INFO] console - [ 64, 2858839810506752, {}, 'ru.kopa.pingPongDatabase' ]
[2016-08-31 10:37:45.125] [DEBUG] Server - api:pingPongDatabase registered
[2016-08-31 10:37:45.126] [ INFO] console - [ 64, 2612158990909440, {}, 'ru.kopa.error' ]
[2016-08-31 10:37:45.135] [DEBUG] Server - api:error registered
[2016-08-31 10:37:50.371] [DEBUG] Server - #pingPong() [ 1, 2, 3 ] { x: 1, y: 2, z: 3 }
[2016-08-31 10:37:50.377] [ INFO] console - [ 70, 59, {}, [ 1, 2, 3 ], { x: 1, y: 2, z: 3 } ]
[2016-08-31 10:38:00.513] [ERROR] Server - { [SequelizeConnectionRefusedError: connect ECONNREFUSED 127.0.0.1:5432]
  name: 'SequelizeConnectionRefusedError',
  message: 'connect ECONNREFUSED 127.0.0.1:5432',
  parent: 
   { [Error: connect ECONNREFUSED 127.0.0.1:5432]
     code: 'ECONNREFUSED',
     errno: 'ECONNREFUSED',
     syscall: 'connect',
     address: '127.0.0.1',
     port: 5432 },
  original: 
   { [Error: connect ECONNREFUSED 127.0.0.1:5432]
     code: 'ECONNREFUSED',
     errno: 'ECONNREFUSED',
     syscall: 'connect',
     address: '127.0.0.1',
     port: 5432 },
  'error@context': {} }
SequelizeConnectionRefusedError: connect ECONNREFUSED 127.0.0.1:5432
    at /home/alexey2baranov/htdocs/kp-sequelizejs/node_modules/sequelize/lib/dialects/postgres/connection-manager.js:98:20
    at [object Object].<anonymous> (/home/alexey2baranov/htdocs/kp-sequelizejs/node_modules/pg/lib/client.js:185:5)
    at emitOne (events.js:77:13)
    at [object Object].emit (events.js:169:7)
    at Socket.<anonymous> (/home/alexey2baranov/htdocs/kp-sequelizejs/node_modules/pg/lib/connection.js:71:10)
    at emitOne (events.js:77:13)
    at Socket.emit (events.js:169:7)
    at emitErrorNT (net.js:1269:8)
    at asyncWrap (/home/alexey2baranov/htdocs/kp-sequelizejs/node_modules/async-listener/glue.js:188:31)
    at nextTickCallbackWith2Args (node.js:442:9)
    at process._tickDomainCallback [as _tickCallback] (node.js:397:17)
[2016-08-31 10:38:34.637] [ INFO] console - [ 8,
  68,
  60,
  {},
  'SequelizeConnectionRefusedError',
  [ 'connect ECONNREFUSED 127.0.0.1:5432' ],
  { stack: 
     [ 'SequelizeConnectionRefusedError: connect ECONNREFUSED 127.0.0.1:5432',
       '    at /home/alexey2baranov/htdocs/kp-sequelizejs/node_modules/sequelize/lib/dialects/postgres/connection-manager.js:98:20',
       '    at [object Object].<anonymous> (/home/alexey2baranov/htdocs/kp-sequelizejs/node_modules/pg/lib/client.js:185:5)',
       '    at emitOne (events.js:77:13)',
       '    at [object Object].emit (events.js:169:7)',
       '    at Socket.<anonymous> (/home/alexey2baranov/htdocs/kp-sequelizejs/node_modules/pg/lib/connection.js:71:10)',
       '    at emitOne (events.js:77:13)',
       '    at Socket.emit (events.js:169:7)',
       '    at emitErrorNT (net.js:1269:8)',
       '    at asyncWrap (/home/alexey2baranov/htdocs/kp-sequelizejs/node_modules/async-listener/glue.js:188:31)',
       '    at nextTickCallbackWith2Args (node.js:442:9)',
       '    at process._tickDomainCallback [as _tickCallback] (node.js:397:17)' ] } ]
[2016-08-31 10:38:34.651] [DEBUG] Server - #error() [ 'sadkljfaskldjfs;af' ] {}
[2016-08-31 10:38:36.737] [ERROR] Server - [Error: sadkljfaskldjfs;af]
Error: sadkljfaskldjfs;af
    at MySuperError (Server.js:124:9)
    at fn.constructor.error.Error (Server.js:129:19)
    at new wrappedPromise (/home/alexey2baranov/htdocs/kp-sequelizejs/node_modules/async-listener/index.js:372:16)
    at Server.error (Server.js:128:16)
    at Object.<anonymous> (Server.js:102:43)
    at [object Generator].next (native)
    at step (/home/alexey2baranov/htdocs/kp-sequelizejs/src/Server.js:1:253)
    at /home/alexey2baranov/htdocs/kp-sequelizejs/src/Server.js:1:513
    at new wrappedPromise (/home/alexey2baranov/htdocs/kp-sequelizejs/node_modules/async-listener/index.js:372:16)
    at Object.<anonymous> (/home/alexey2baranov/htdocs/kp-sequelizejs/src/Server.js:1:161)
    at Object.<anonymous> (Server.js:99:27)
    at tryCatchResolve (/home/alexey2baranov/htdocs/kp-sequelizejs/node_modules/when/lib/apply.js:46:23)
    at callAndResolve (/home/alexey2baranov/htdocs/kp-sequelizejs/node_modules/when/lib/apply.js:30:12)
    at callAndResolveNext (/home/alexey2baranov/htdocs/kp-sequelizejs/node_modules/when/lib/apply.js:40:4)
    at tryCatchReject3 (/home/alexey2baranov/htdocs/kp-sequelizejs/node_modules/when/lib/makePromise.js:856:7)
    at runContinuation3 (/home/alexey2baranov/htdocs/kp-sequelizejs/node_modules/when/lib/makePromise.js:814:4)
[2016-08-31 10:38:36.741] [ INFO] console - [ 8,
  68,
  61,
  {},
  'MySuperError',
  [ 'sadkljfaskldjfs;af' ],
  { stack: 
     [ 'Error: sadkljfaskldjfs;af',
       '    at MySuperError (Server.js:124:9)',
       '    at fn.constructor.error.Error (Server.js:129:19)',
       '    at new wrappedPromise (/home/alexey2baranov/htdocs/kp-sequelizejs/node_modules/async-listener/index.js:372:16)',
       '    at Server.error (Server.js:128:16)',
       '    at Object.<anonymous> (Server.js:102:43)',
       '    at [object Generator].next (native)',
       '    at step (/home/alexey2baranov/htdocs/kp-sequelizejs/src/Server.js:1:253)',
       '    at /home/alexey2baranov/htdocs/kp-sequelizejs/src/Server.js:1:513',
       '    at new wrappedPromise (/home/alexey2baranov/htdocs/kp-sequelizejs/node_modules/async-listener/index.js:372:16)',
       '    at Object.<anonymous> (/home/alexey2baranov/htdocs/kp-sequelizejs/src/Server.js:1:161)',
       '    at Object.<anonymous> (Server.js:99:27)',
       '    at tryCatchResolve (/home/alexey2baranov/htdocs/kp-sequelizejs/node_modules/when/lib/apply.js:46:23)',
       '    at callAndResolve (/home/alexey2baranov/htdocs/kp-sequelizejs/node_modules/when/lib/apply.js:30:12)',
       '    at callAndResolveNext (/home/alexey2baranov/htdocs/kp-sequelizejs/node_modules/when/lib/apply.js:40:4)',
       '    at tryCatchReject3 (/home/alexey2baranov/htdocs/kp-sequelizejs/node_modules/when/lib/makePromise.js:856:7)',
       '    at runContinuation3 (/home/alexey2baranov/htdocs/kp-sequelizejs/node_modules/when/lib/makePromise.js:814:4)' ] } ]
[2016-08-31 10:38:45.213] [DEBUG] Server - #pingPong() [ 1, 2, 3 ] { x: 1, y: 2, z: 3 }
[2016-08-31 10:38:45.226] [ INFO] console - [ 70, 63, {}, [ 1, 2, 3 ], { x: 1, y: 2, z: 3 } ]
[2016-08-31 10:38:45.256] [ERROR] Server - { [SequelizeConnectionRefusedError: connect ECONNREFUSED 127.0.0.1:5432]
  name: 'SequelizeConnectionRefusedError',
  message: 'connect ECONNREFUSED 127.0.0.1:5432',
  parent: 
   { [Error: connect ECONNREFUSED 127.0.0.1:5432]
     code: 'ECONNREFUSED',
     errno: 'ECONNREFUSED',
     syscall: 'connect',
     address: '127.0.0.1',
     port: 5432 },
  original: 
   { [Error: connect ECONNREFUSED 127.0.0.1:5432]
     code: 'ECONNREFUSED',
     errno: 'ECONNREFUSED',
     syscall: 'connect',
     address: '127.0.0.1',
     port: 5432 },
  'error@context': {} }
SequelizeConnectionRefusedError: connect ECONNREFUSED 127.0.0.1:5432
    at /home/alexey2baranov/htdocs/kp-sequelizejs/node_modules/sequelize/lib/dialects/postgres/connection-manager.js:98:20
    at [object Object].<anonymous> (/home/alexey2baranov/htdocs/kp-sequelizejs/node_modules/pg/lib/client.js:185:5)
    at emitOne (events.js:77:13)
    at [object Object].emit (events.js:169:7)
    at Socket.<anonymous> (/home/alexey2baranov/htdocs/kp-sequelizejs/node_modules/pg/lib/connection.js:71:10)
    at emitOne (events.js:77:13)
    at Socket.emit (events.js:169:7)
    at emitErrorNT (net.js:1269:8)
    at asyncWrap (/home/alexey2baranov/htdocs/kp-sequelizejs/node_modules/async-listener/glue.js:188:31)
    at nextTickCallbackWith2Args (node.js:442:9)
    at process._tickDomainCallback [as _tickCallback] (node.js:397:17)
[2016-08-31 10:38:45.273] [ INFO] console - [ 8,
  68,
  64,
  {},
  'SequelizeConnectionRefusedError',
  [ 'connect ECONNREFUSED 127.0.0.1:5432' ],
  { stack: 
     [ 'SequelizeConnectionRefusedError: connect ECONNREFUSED 127.0.0.1:5432',
       '    at /home/alexey2baranov/htdocs/kp-sequelizejs/node_modules/sequelize/lib/dialects/postgres/connection-manager.js:98:20',
       '    at [object Object].<anonymous> (/home/alexey2baranov/htdocs/kp-sequelizejs/node_modules/pg/lib/client.js:185:5)',
       '    at emitOne (events.js:77:13)',
       '    at [object Object].emit (events.js:169:7)',
       '    at Socket.<anonymous> (/home/alexey2baranov/htdocs/kp-sequelizejs/node_modules/pg/lib/connection.js:71:10)',
       '    at emitOne (events.js:77:13)',
       '    at Socket.emit (events.js:169:7)',
       '    at emitErrorNT (net.js:1269:8)',
       '    at asyncWrap (/home/alexey2baranov/htdocs/kp-sequelizejs/node_modules/async-listener/glue.js:188:31)',
       '    at nextTickCallbackWith2Args (node.js:442:9)',
       '    at process._tickDomainCallback [as _tickCallback] (node.js:397:17)' ] } ]
[2016-08-31 10:38:45.348] [DEBUG] Server - #error() [ 'sadkljfaskldjfs;af' ] {}
[2016-08-31 10:38:45.352] [ERROR] Server - [Error: sadkljfaskldjfs;af]
Error: sadkljfaskldjfs;af
    at MySuperError (Server.js:124:9)
    at fn.constructor.error.Error (Server.js:129:19)
    at new wrappedPromise (/home/alexey2baranov/htdocs/kp-sequelizejs/node_modules/async-listener/index.js:372:16)
    at Server.error (Server.js:128:16)
    at Object.<anonymous> (Server.js:102:43)
    at [object Generator].next (native)
    at step (/home/alexey2baranov/htdocs/kp-sequelizejs/src/Server.js:1:253)
    at /home/alexey2baranov/htdocs/kp-sequelizejs/src/Server.js:1:513
    at new wrappedPromise (/home/alexey2baranov/htdocs/kp-sequelizejs/node_modules/async-listener/index.js:372:16)
    at Object.<anonymous> (/home/alexey2baranov/htdocs/kp-sequelizejs/src/Server.js:1:161)
    at Object.<anonymous> (Server.js:99:27)
    at tryCatchResolve (/home/alexey2baranov/htdocs/kp-sequelizejs/node_modules/when/lib/apply.js:46:23)
    at callAndResolve (/home/alexey2baranov/htdocs/kp-sequelizejs/node_modules/when/lib/apply.js:30:12)
    at callAndResolveNext (/home/alexey2baranov/htdocs/kp-sequelizejs/node_modules/when/lib/apply.js:40:4)
    at tryCatchReject3 (/home/alexey2baranov/htdocs/kp-sequelizejs/node_modules/when/lib/makePromise.js:856:7)
    at runContinuation3 (/home/alexey2baranov/htdocs/kp-sequelizejs/node_modules/when/lib/makePromise.js:814:4)
[2016-08-31 10:38:45.358] [ INFO] console - [ 8,
  68,
  65,
  {},
  'MySuperError',
  [ 'sadkljfaskldjfs;af' ],
  { stack: 
     [ 'Error: sadkljfaskldjfs;af',
       '    at MySuperError (Server.js:124:9)',
       '    at fn.constructor.error.Error (Server.js:129:19)',
       '    at new wrappedPromise (/home/alexey2baranov/htdocs/kp-sequelizejs/node_modules/async-listener/index.js:372:16)',
       '    at Server.error (Server.js:128:16)',
       '    at Object.<anonymous> (Server.js:102:43)',
       '    at [object Generator].next (native)',
       '    at step (/home/alexey2baranov/htdocs/kp-sequelizejs/src/Server.js:1:253)',
       '    at /home/alexey2baranov/htdocs/kp-sequelizejs/src/Server.js:1:513',
       '    at new wrappedPromise (/home/alexey2baranov/htdocs/kp-sequelizejs/node_modules/async-listener/index.js:372:16)',
       '    at Object.<anonymous> (/home/alexey2baranov/htdocs/kp-sequelizejs/src/Server.js:1:161)',
       '    at Object.<anonymous> (Server.js:99:27)',
       '    at tryCatchResolve (/home/alexey2baranov/htdocs/kp-sequelizejs/node_modules/when/lib/apply.js:46:23)',
       '    at callAndResolve (/home/alexey2baranov/htdocs/kp-sequelizejs/node_modules/when/lib/apply.js:30:12)',
       '    at callAndResolveNext (/home/alexey2baranov/htdocs/kp-sequelizejs/node_modules/when/lib/apply.js:40:4)',
       '    at tryCatchReject3 (/home/alexey2baranov/htdocs/kp-sequelizejs/node_modules/when/lib/makePromise.js:856:7)',
       '    at runContinuation3 (/home/alexey2baranov/htdocs/kp-sequelizejs/node_modules/when/lib/makePromise.js:814:4)' ] } ]
[2016-08-31 10:39:13.319] [ INFO] console - AutobahnJS debug enabled
[2016-08-31 10:39:15.159] [ INFO] Server - starting...
[2016-08-31 10:39:15.164] [ INFO] console - trying to create WAMP transport of type: websocket
[2016-08-31 10:39:15.309] [ INFO] console - using WAMP transport type: websocket
[2016-08-31 10:39:15.547] [ INFO] console - [ 1,
  'kopa',
  { roles: 
     { caller: [Object],
       callee: [Object],
       publisher: [Object],
       subscriber: [Object] },
    authmethods: [ 'ticket' ],
    authid: 'server' } ]
[2016-08-31 10:39:15.572] [ INFO] console - [ 5, 'server', {} ]
[2016-08-31 10:39:15.600] [ INFO] Server - connection.onopen()
[2016-08-31 10:39:15.602] [ INFO] console - [ 64, 1945392222568448, {}, 'ru.kopa.model.get' ]
[2016-08-31 10:39:15.616] [DEBUG] Server - api:model.get registered
[2016-08-31 10:39:15.619] [ INFO] console - [ 64, 3768706335244288, {}, 'ru.kopa.pingPong' ]
[2016-08-31 10:39:15.629] [DEBUG] Server - api:pingPong registered
[2016-08-31 10:39:15.630] [ INFO] console - [ 64, 2719155973259264, {}, 'ru.kopa.pingPongDatabase' ]
[2016-08-31 10:39:15.637] [DEBUG] Server - api:pingPongDatabase registered
[2016-08-31 10:39:15.639] [ INFO] console - [ 64, 6736803545481216, {}, 'ru.kopa.error' ]
[2016-08-31 10:39:15.645] [DEBUG] Server - api:error registered
[2016-08-31 10:39:19.284] [DEBUG] Server - #pingPong() [ 1, 2, 3 ] { x: 1, y: 2, z: 3 }
[2016-08-31 10:39:19.315] [ INFO] console - [ 70, 68, {}, [ 1, 2, 3 ], { x: 1, y: 2, z: 3 } ]
[2016-08-31 10:39:19.368] [ INFO] console - [ 8,
  68,
  69,
  {},
  'wamp.error.runtime_error',
  [ { [SequelizeConnectionRefusedError: connect ECONNREFUSED 127.0.0.1:5432]
      name: 'SequelizeConnectionRefusedError',
      message: 'connect ECONNREFUSED 127.0.0.1:5432',
      parent: [Object],
      original: [Object],
      'error@context': {} } ] ]
[2016-08-31 10:39:19.442] [DEBUG] Server - #error() [ 'sadkljfaskldjfs;af' ] {}
[2016-08-31 10:39:19.447] [ INFO] console - [ 8,
  68,
  70,
  {},
  'wamp.error.runtime_error',
  [ [Error: sadkljfaskldjfs;af] ] ]
[2016-08-31 10:40:00.754] [ INFO] console - AutobahnJS debug enabled
[2016-08-31 10:40:02.407] [ INFO] Server - starting...
[2016-08-31 10:40:02.409] [ INFO] console - trying to create WAMP transport of type: websocket
[2016-08-31 10:40:02.509] [ INFO] console - using WAMP transport type: websocket
[2016-08-31 10:40:02.687] [ INFO] console - [ 1,
  'kopa',
  { roles: 
     { caller: [Object],
       callee: [Object],
       publisher: [Object],
       subscriber: [Object] },
    authmethods: [ 'ticket' ],
    authid: 'server' } ]
[2016-08-31 10:40:02.712] [ INFO] console - [ 5, 'server', {} ]
[2016-08-31 10:40:02.739] [ INFO] Server - connection.onopen()
[2016-08-31 10:40:02.740] [ INFO] console - [ 64, 6539875069198336, {}, 'ru.kopa.model.get' ]
[2016-08-31 10:40:02.750] [DEBUG] Server - api:model.get registered
[2016-08-31 10:40:02.751] [ INFO] console - [ 64, 6934380343721984, {}, 'ru.kopa.pingPong' ]
[2016-08-31 10:40:02.759] [DEBUG] Server - api:pingPong registered
[2016-08-31 10:40:02.759] [ INFO] console - [ 64, 6971433339060224, {}, 'ru.kopa.pingPongDatabase' ]
[2016-08-31 10:40:02.777] [DEBUG] Server - api:pingPongDatabase registered
[2016-08-31 10:40:02.778] [ INFO] console - [ 64, 7364625825792000, {}, 'ru.kopa.error' ]
[2016-08-31 10:40:02.783] [DEBUG] Server - api:error registered
[2016-08-31 10:40:13.041] [DEBUG] Server - #pingPong() [ 1, 2, 3 ] { x: 1, y: 2, z: 3 }
[2016-08-31 10:40:13.047] [ INFO] console - [ 70, 73, {}, [ 1, 2, 3 ], { x: 1, y: 2, z: 3 } ]
[2016-08-31 10:40:13.083] [ERROR] Server - { [SequelizeConnectionRefusedError: connect ECONNREFUSED 127.0.0.1:5432]
  name: 'SequelizeConnectionRefusedError',
  message: 'connect ECONNREFUSED 127.0.0.1:5432',
  parent: 
   { [Error: connect ECONNREFUSED 127.0.0.1:5432]
     code: 'ECONNREFUSED',
     errno: 'ECONNREFUSED',
     syscall: 'connect',
     address: '127.0.0.1',
     port: 5432 },
  original: 
   { [Error: connect ECONNREFUSED 127.0.0.1:5432]
     code: 'ECONNREFUSED',
     errno: 'ECONNREFUSED',
     syscall: 'connect',
     address: '127.0.0.1',
     port: 5432 },
  'error@context': {} }
SequelizeConnectionRefusedError: connect ECONNREFUSED 127.0.0.1:5432
    at /home/alexey2baranov/htdocs/kp-sequelizejs/node_modules/sequelize/lib/dialects/postgres/connection-manager.js:98:20
    at [object Object].<anonymous> (/home/alexey2baranov/htdocs/kp-sequelizejs/node_modules/pg/lib/client.js:185:5)
    at emitOne (events.js:77:13)
    at [object Object].emit (events.js:169:7)
    at Socket.<anonymous> (/home/alexey2baranov/htdocs/kp-sequelizejs/node_modules/pg/lib/connection.js:71:10)
    at emitOne (events.js:77:13)
    at Socket.emit (events.js:169:7)
    at emitErrorNT (net.js:1269:8)
    at asyncWrap (/home/alexey2baranov/htdocs/kp-sequelizejs/node_modules/async-listener/glue.js:188:31)
    at nextTickCallbackWith2Args (node.js:442:9)
    at process._tickDomainCallback [as _tickCallback] (node.js:397:17)
[2016-08-31 10:40:13.103] [ INFO] console - [ 8,
  68,
  74,
  {},
  'SequelizeConnectionRefusedError',
  [ 'connect ECONNREFUSED 127.0.0.1:5432' ],
  { stack: 
     [ 'SequelizeConnectionRefusedError: connect ECONNREFUSED 127.0.0.1:5432',
       '    at /home/alexey2baranov/htdocs/kp-sequelizejs/node_modules/sequelize/lib/dialects/postgres/connection-manager.js:98:20',
       '    at [object Object].<anonymous> (/home/alexey2baranov/htdocs/kp-sequelizejs/node_modules/pg/lib/client.js:185:5)',
       '    at emitOne (events.js:77:13)',
       '    at [object Object].emit (events.js:169:7)',
       '    at Socket.<anonymous> (/home/alexey2baranov/htdocs/kp-sequelizejs/node_modules/pg/lib/connection.js:71:10)',
       '    at emitOne (events.js:77:13)',
       '    at Socket.emit (events.js:169:7)',
       '    at emitErrorNT (net.js:1269:8)',
       '    at asyncWrap (/home/alexey2baranov/htdocs/kp-sequelizejs/node_modules/async-listener/glue.js:188:31)',
       '    at nextTickCallbackWith2Args (node.js:442:9)',
       '    at process._tickDomainCallback [as _tickCallback] (node.js:397:17)' ] } ]
[2016-08-31 10:40:13.171] [DEBUG] Server - #error() [ 'sadkljfaskldjfs;af' ] {}
[2016-08-31 10:40:13.173] [ERROR] Server - [Error: sadkljfaskldjfs;af]
Error: sadkljfaskldjfs;af
    at MySuperError (Server.js:124:9)
    at fn.constructor.error.Error (Server.js:129:19)
    at new wrappedPromise (/home/alexey2baranov/htdocs/kp-sequelizejs/node_modules/async-listener/index.js:372:16)
    at Server.error (Server.js:128:16)
    at Object.<anonymous> (Server.js:102:43)
    at [object Generator].next (native)
    at step (/home/alexey2baranov/htdocs/kp-sequelizejs/src/Server.js:1:253)
    at /home/alexey2baranov/htdocs/kp-sequelizejs/src/Server.js:1:513
    at new wrappedPromise (/home/alexey2baranov/htdocs/kp-sequelizejs/node_modules/async-listener/index.js:372:16)
    at Object.<anonymous> (/home/alexey2baranov/htdocs/kp-sequelizejs/src/Server.js:1:161)
    at Object.<anonymous> (Server.js:99:27)
    at tryCatchResolve (/home/alexey2baranov/htdocs/kp-sequelizejs/node_modules/when/lib/apply.js:46:23)
    at callAndResolve (/home/alexey2baranov/htdocs/kp-sequelizejs/node_modules/when/lib/apply.js:30:12)
    at callAndResolveNext (/home/alexey2baranov/htdocs/kp-sequelizejs/node_modules/when/lib/apply.js:40:4)
    at tryCatchReject3 (/home/alexey2baranov/htdocs/kp-sequelizejs/node_modules/when/lib/makePromise.js:856:7)
    at runContinuation3 (/home/alexey2baranov/htdocs/kp-sequelizejs/node_modules/when/lib/makePromise.js:814:4)
[2016-08-31 10:40:13.271] [ INFO] console - [ 8,
  68,
  75,
  {},
  'MySuperError',
  [ 'sadkljfaskldjfs;af' ],
  { stack: 
     [ 'Error: sadkljfaskldjfs;af',
       '    at MySuperError (Server.js:124:9)',
       '    at fn.constructor.error.Error (Server.js:129:19)',
       '    at new wrappedPromise (/home/alexey2baranov/htdocs/kp-sequelizejs/node_modules/async-listener/index.js:372:16)',
       '    at Server.error (Server.js:128:16)',
       '    at Object.<anonymous> (Server.js:102:43)',
       '    at [object Generator].next (native)',
       '    at step (/home/alexey2baranov/htdocs/kp-sequelizejs/src/Server.js:1:253)',
       '    at /home/alexey2baranov/htdocs/kp-sequelizejs/src/Server.js:1:513',
       '    at new wrappedPromise (/home/alexey2baranov/htdocs/kp-sequelizejs/node_modules/async-listener/index.js:372:16)',
       '    at Object.<anonymous> (/home/alexey2baranov/htdocs/kp-sequelizejs/src/Server.js:1:161)',
       '    at Object.<anonymous> (Server.js:99:27)',
       '    at tryCatchResolve (/home/alexey2baranov/htdocs/kp-sequelizejs/node_modules/when/lib/apply.js:46:23)',
       '    at callAndResolve (/home/alexey2baranov/htdocs/kp-sequelizejs/node_modules/when/lib/apply.js:30:12)',
       '    at callAndResolveNext (/home/alexey2baranov/htdocs/kp-sequelizejs/node_modules/when/lib/apply.js:40:4)',
       '    at tryCatchReject3 (/home/alexey2baranov/htdocs/kp-sequelizejs/node_modules/when/lib/makePromise.js:856:7)',
       '    at runContinuation3 (/home/alexey2baranov/htdocs/kp-sequelizejs/node_modules/when/lib/makePromise.js:814:4)' ] } ]
[2016-08-31 10:40:38.252] [DEBUG] Server - #pingPong() [ 1, 2, 3 ] { x: 1, y: 2, z: 3 }
[2016-08-31 10:40:38.261] [ INFO] console - [ 70, 77, {}, [ 1, 2, 3 ], { x: 1, y: 2, z: 3 } ]
[2016-08-31 10:40:38.472] [ INFO] console - Executing (default): select '' as result
[2016-08-31 10:40:38.491] [ INFO] console - [ 70, 78, {}, [ '' ] ]
[2016-08-31 10:40:38.507] [DEBUG] Server - #error() [ 'sadkljfaskldjfs;af' ] {}
[2016-08-31 10:40:38.510] [ERROR] Server - [Error: sadkljfaskldjfs;af]
Error: sadkljfaskldjfs;af
    at MySuperError (Server.js:124:9)
    at fn.constructor.error.Error (Server.js:129:19)
    at new wrappedPromise (/home/alexey2baranov/htdocs/kp-sequelizejs/node_modules/async-listener/index.js:372:16)
    at Server.error (Server.js:128:16)
    at Object.<anonymous> (Server.js:102:43)
    at [object Generator].next (native)
    at step (/home/alexey2baranov/htdocs/kp-sequelizejs/src/Server.js:1:253)
    at /home/alexey2baranov/htdocs/kp-sequelizejs/src/Server.js:1:513
    at new wrappedPromise (/home/alexey2baranov/htdocs/kp-sequelizejs/node_modules/async-listener/index.js:372:16)
    at Object.<anonymous> (/home/alexey2baranov/htdocs/kp-sequelizejs/src/Server.js:1:161)
    at Object.<anonymous> (Server.js:99:27)
    at tryCatchResolve (/home/alexey2baranov/htdocs/kp-sequelizejs/node_modules/when/lib/apply.js:46:23)
    at callAndResolve (/home/alexey2baranov/htdocs/kp-sequelizejs/node_modules/when/lib/apply.js:30:12)
    at callAndResolveNext (/home/alexey2baranov/htdocs/kp-sequelizejs/node_modules/when/lib/apply.js:40:4)
    at tryCatchReject3 (/home/alexey2baranov/htdocs/kp-sequelizejs/node_modules/when/lib/makePromise.js:856:7)
    at runContinuation3 (/home/alexey2baranov/htdocs/kp-sequelizejs/node_modules/when/lib/makePromise.js:814:4)
[2016-08-31 10:40:38.516] [ INFO] console - [ 8,
  68,
  79,
  {},
  'MySuperError',
  [ 'sadkljfaskldjfs;af' ],
  { stack: 
     [ 'Error: sadkljfaskldjfs;af',
       '    at MySuperError (Server.js:124:9)',
       '    at fn.constructor.error.Error (Server.js:129:19)',
       '    at new wrappedPromise (/home/alexey2baranov/htdocs/kp-sequelizejs/node_modules/async-listener/index.js:372:16)',
       '    at Server.error (Server.js:128:16)',
       '    at Object.<anonymous> (Server.js:102:43)',
       '    at [object Generator].next (native)',
       '    at step (/home/alexey2baranov/htdocs/kp-sequelizejs/src/Server.js:1:253)',
       '    at /home/alexey2baranov/htdocs/kp-sequelizejs/src/Server.js:1:513',
       '    at new wrappedPromise (/home/alexey2baranov/htdocs/kp-sequelizejs/node_modules/async-listener/index.js:372:16)',
       '    at Object.<anonymous> (/home/alexey2baranov/htdocs/kp-sequelizejs/src/Server.js:1:161)',
       '    at Object.<anonymous> (Server.js:99:27)',
       '    at tryCatchResolve (/home/alexey2baranov/htdocs/kp-sequelizejs/node_modules/when/lib/apply.js:46:23)',
       '    at callAndResolve (/home/alexey2baranov/htdocs/kp-sequelizejs/node_modules/when/lib/apply.js:30:12)',
       '    at callAndResolveNext (/home/alexey2baranov/htdocs/kp-sequelizejs/node_modules/when/lib/apply.js:40:4)',
       '    at tryCatchReject3 (/home/alexey2baranov/htdocs/kp-sequelizejs/node_modules/when/lib/makePromise.js:856:7)',
       '    at runContinuation3 (/home/alexey2baranov/htdocs/kp-sequelizejs/node_modules/when/lib/makePromise.js:814:4)' ] } ]
[2016-08-31 10:41:09.420] [DEBUG] Server - #pingPong() [ 1, 2, 3 ] { x: 1, y: 2, z: 3 }
[2016-08-31 10:41:09.431] [ INFO] console - [ 70, 81, {}, [ 1, 2, 3 ], { x: 1, y: 2, z: 3 } ]
[2016-08-31 10:41:09.508] [ INFO] console - Executing (default): select '' as result
[2016-08-31 10:41:09.548] [ INFO] console - [ 70, 82, {}, [ '' ] ]
[2016-08-31 10:41:09.561] [DEBUG] Server - #error() [ 'sadkljfaskldjfs;af' ] {}
[2016-08-31 10:41:09.565] [ERROR] Server - [Error: sadkljfaskldjfs;af]
Error: sadkljfaskldjfs;af
    at MySuperError (Server.js:124:9)
    at fn.constructor.error.Error (Server.js:129:19)
    at new wrappedPromise (/home/alexey2baranov/htdocs/kp-sequelizejs/node_modules/async-listener/index.js:372:16)
    at Server.error (Server.js:128:16)
    at Object.<anonymous> (Server.js:102:43)
    at [object Generator].next (native)
    at step (/home/alexey2baranov/htdocs/kp-sequelizejs/src/Server.js:1:253)
    at /home/alexey2baranov/htdocs/kp-sequelizejs/src/Server.js:1:513
    at new wrappedPromise (/home/alexey2baranov/htdocs/kp-sequelizejs/node_modules/async-listener/index.js:372:16)
    at Object.<anonymous> (/home/alexey2baranov/htdocs/kp-sequelizejs/src/Server.js:1:161)
    at Object.<anonymous> (Server.js:99:27)
    at tryCatchResolve (/home/alexey2baranov/htdocs/kp-sequelizejs/node_modules/when/lib/apply.js:46:23)
    at callAndResolve (/home/alexey2baranov/htdocs/kp-sequelizejs/node_modules/when/lib/apply.js:30:12)
    at callAndResolveNext (/home/alexey2baranov/htdocs/kp-sequelizejs/node_modules/when/lib/apply.js:40:4)
    at tryCatchReject3 (/home/alexey2baranov/htdocs/kp-sequelizejs/node_modules/when/lib/makePromise.js:856:7)
    at runContinuation3 (/home/alexey2baranov/htdocs/kp-sequelizejs/node_modules/when/lib/makePromise.js:814:4)
[2016-08-31 10:41:09.573] [ INFO] console - [ 8,
  68,
  83,
  {},
  'MySuperError',
  [ 'sadkljfaskldjfs;af' ],
  { stack: 
     [ 'Error: sadkljfaskldjfs;af',
       '    at MySuperError (Server.js:124:9)',
       '    at fn.constructor.error.Error (Server.js:129:19)',
       '    at new wrappedPromise (/home/alexey2baranov/htdocs/kp-sequelizejs/node_modules/async-listener/index.js:372:16)',
       '    at Server.error (Server.js:128:16)',
       '    at Object.<anonymous> (Server.js:102:43)',
       '    at [object Generator].next (native)',
       '    at step (/home/alexey2baranov/htdocs/kp-sequelizejs/src/Server.js:1:253)',
       '    at /home/alexey2baranov/htdocs/kp-sequelizejs/src/Server.js:1:513',
       '    at new wrappedPromise (/home/alexey2baranov/htdocs/kp-sequelizejs/node_modules/async-listener/index.js:372:16)',
       '    at Object.<anonymous> (/home/alexey2baranov/htdocs/kp-sequelizejs/src/Server.js:1:161)',
       '    at Object.<anonymous> (Server.js:99:27)',
       '    at tryCatchResolve (/home/alexey2baranov/htdocs/kp-sequelizejs/node_modules/when/lib/apply.js:46:23)',
       '    at callAndResolve (/home/alexey2baranov/htdocs/kp-sequelizejs/node_modules/when/lib/apply.js:30:12)',
       '    at callAndResolveNext (/home/alexey2baranov/htdocs/kp-sequelizejs/node_modules/when/lib/apply.js:40:4)',
       '    at tryCatchReject3 (/home/alexey2baranov/htdocs/kp-sequelizejs/node_modules/when/lib/makePromise.js:856:7)',
       '    at runContinuation3 (/home/alexey2baranov/htdocs/kp-sequelizejs/node_modules/when/lib/makePromise.js:814:4)' ] } ]
[2016-08-31 10:55:38.965] [DEBUG] Server - #pingPong() [ 1, 2, 3 ] { x: 1, y: 2, z: 3 }
[2016-08-31 10:55:38.988] [ INFO] console - [ 70, 85, {}, [ 1, 2, 3 ], { x: 1, y: 2, z: 3 } ]
[2016-08-31 10:55:39.146] [ INFO] console - Executing (default): select '' as result
[2016-08-31 10:55:39.155] [ INFO] console - [ 70, 86, {}, [ '' ] ]
[2016-08-31 10:55:39.176] [DEBUG] Server - #error() [ 'sadkljfaskldjfs;af' ] {}
[2016-08-31 10:55:39.181] [ERROR] Server - [Error: sadkljfaskldjfs;af]
Error: sadkljfaskldjfs;af
    at MySuperError (Server.js:124:9)
    at fn.constructor.error.Error (Server.js:129:19)
    at new wrappedPromise (/home/alexey2baranov/htdocs/kp-sequelizejs/node_modules/async-listener/index.js:372:16)
    at Server.error (Server.js:128:16)
    at Object.<anonymous> (Server.js:102:43)
    at [object Generator].next (native)
    at step (/home/alexey2baranov/htdocs/kp-sequelizejs/src/Server.js:1:253)
    at /home/alexey2baranov/htdocs/kp-sequelizejs/src/Server.js:1:513
    at new wrappedPromise (/home/alexey2baranov/htdocs/kp-sequelizejs/node_modules/async-listener/index.js:372:16)
    at Object.<anonymous> (/home/alexey2baranov/htdocs/kp-sequelizejs/src/Server.js:1:161)
    at Object.<anonymous> (Server.js:99:27)
    at tryCatchResolve (/home/alexey2baranov/htdocs/kp-sequelizejs/node_modules/when/lib/apply.js:46:23)
    at callAndResolve (/home/alexey2baranov/htdocs/kp-sequelizejs/node_modules/when/lib/apply.js:30:12)
    at callAndResolveNext (/home/alexey2baranov/htdocs/kp-sequelizejs/node_modules/when/lib/apply.js:40:4)
    at tryCatchReject3 (/home/alexey2baranov/htdocs/kp-sequelizejs/node_modules/when/lib/makePromise.js:856:7)
    at runContinuation3 (/home/alexey2baranov/htdocs/kp-sequelizejs/node_modules/when/lib/makePromise.js:814:4)
[2016-08-31 10:55:39.220] [ INFO] console - [ 8,
  68,
  87,
  {},
  'MySuperError',
  [ 'sadkljfaskldjfs;af' ],
  { stack: 
     [ 'Error: sadkljfaskldjfs;af',
       '    at MySuperError (Server.js:124:9)',
       '    at fn.constructor.error.Error (Server.js:129:19)',
       '    at new wrappedPromise (/home/alexey2baranov/htdocs/kp-sequelizejs/node_modules/async-listener/index.js:372:16)',
       '    at Server.error (Server.js:128:16)',
       '    at Object.<anonymous> (Server.js:102:43)',
       '    at [object Generator].next (native)',
       '    at step (/home/alexey2baranov/htdocs/kp-sequelizejs/src/Server.js:1:253)',
       '    at /home/alexey2baranov/htdocs/kp-sequelizejs/src/Server.js:1:513',
       '    at new wrappedPromise (/home/alexey2baranov/htdocs/kp-sequelizejs/node_modules/async-listener/index.js:372:16)',
       '    at Object.<anonymous> (/home/alexey2baranov/htdocs/kp-sequelizejs/src/Server.js:1:161)',
       '    at Object.<anonymous> (Server.js:99:27)',
       '    at tryCatchResolve (/home/alexey2baranov/htdocs/kp-sequelizejs/node_modules/when/lib/apply.js:46:23)',
       '    at callAndResolve (/home/alexey2baranov/htdocs/kp-sequelizejs/node_modules/when/lib/apply.js:30:12)',
       '    at callAndResolveNext (/home/alexey2baranov/htdocs/kp-sequelizejs/node_modules/when/lib/apply.js:40:4)',
       '    at tryCatchReject3 (/home/alexey2baranov/htdocs/kp-sequelizejs/node_modules/when/lib/makePromise.js:856:7)',
       '    at runContinuation3 (/home/alexey2baranov/htdocs/kp-sequelizejs/node_modules/when/lib/makePromise.js:814:4)' ] } ]
[2016-08-31 10:56:21.883] [DEBUG] Server - #promiseModel() [ 1, 2.3 ] { model: 'Kopnik', id: 2 }
[2016-08-31 10:56:21.939] [ INFO] console - Executing (846fb5d9-f2b6-4645-8312-822a6661b11e): START TRANSACTION;
[2016-08-31 10:56:21.944] [ INFO] console - Executing (846fb5d9-f2b6-4645-8312-822a6661b11e): SET SESSION TRANSACTION ISOLATION LEVEL REPEATABLE READ;
[2016-08-31 10:56:22.028] [ INFO] console - Executing (default): SELECT "Kopnik"."id", "Kopnik"."email", "Kopnik"."password", "Kopnik"."name", "Kopnik"."surname", "Kopnik"."patronymic", "Kopnik"."birth", "Kopnik"."note", "Kopnik"."own_id", "Kopnik"."starshina_id", "attachments"."id" AS "attachments.id", "attachments"."path" AS "attachments.path", "attachments"."note" AS "attachments.note", "attachments"."zemla_id" AS "attachments.zemla_id", "attachments"."kopnik_id" AS "attachments.kopnik_id", "attachments"."kopa_id" AS "attachments.kopa_id", "attachments"."slovo_id" AS "attachments.slovo_id", "attachments"."predlozhenie_id" AS "attachments.predlozhenie_id", "attachments"."golos_id" AS "attachments.golos_id" FROM "Kopnik" AS "Kopnik" LEFT OUTER JOIN "File" AS "attachments" ON "Kopnik"."id" = "attachments"."kopnik_id" WHERE "Kopnik"."id" = 2;
[2016-08-31 10:56:22.088] [ INFO] console - Executing (846fb5d9-f2b6-4645-8312-822a6661b11e): COMMIT;
[2016-08-31 10:56:22.095] [ INFO] console - [ 70,
  90,
  {},
  [ { fullName: 'Unit Test',
      id: '2',
      email: 'unittest1@domain.ru',
      name: 'Unit',
      surname: 'Test',
      patronymic: '1',
      birth: 1983,
      note: null,
      own_id: '2',
      starshina_id: null,
      attachments: [] } ] ]
[2016-08-31 10:56:22.168] [DEBUG] Server - #promiseModel() [ 1, 2.3 ] { model: 'Kopnik', id: 2 }
[2016-08-31 10:56:22.181] [ INFO] console - Executing (0876776b-0dde-40c4-b315-591b99f25f56): START TRANSACTION;
[2016-08-31 10:56:22.187] [ INFO] console - Executing (0876776b-0dde-40c4-b315-591b99f25f56): SET SESSION TRANSACTION ISOLATION LEVEL REPEATABLE READ;
[2016-08-31 10:56:22.211] [ INFO] console - Executing (default): SELECT "Kopnik"."id", "Kopnik"."email", "Kopnik"."password", "Kopnik"."name", "Kopnik"."surname", "Kopnik"."patronymic", "Kopnik"."birth", "Kopnik"."note", "Kopnik"."own_id", "Kopnik"."starshina_id", "attachments"."id" AS "attachments.id", "attachments"."path" AS "attachments.path", "attachments"."note" AS "attachments.note", "attachments"."zemla_id" AS "attachments.zemla_id", "attachments"."kopnik_id" AS "attachments.kopnik_id", "attachments"."kopa_id" AS "attachments.kopa_id", "attachments"."slovo_id" AS "attachments.slovo_id", "attachments"."predlozhenie_id" AS "attachments.predlozhenie_id", "attachments"."golos_id" AS "attachments.golos_id" FROM "Kopnik" AS "Kopnik" LEFT OUTER JOIN "File" AS "attachments" ON "Kopnik"."id" = "attachments"."kopnik_id" WHERE "Kopnik"."id" = 2;
[2016-08-31 10:56:22.223] [ INFO] console - Executing (0876776b-0dde-40c4-b315-591b99f25f56): COMMIT;
[2016-08-31 10:56:22.227] [ INFO] console - [ 70,
  91,
  {},
  [ { fullName: 'Unit Test',
      id: '2',
      email: 'unittest1@domain.ru',
      name: 'Unit',
      surname: 'Test',
      patronymic: '1',
      birth: 1983,
      note: null,
      own_id: '2',
      starshina_id: null,
      attachments: [] } ] ]
[2016-08-31 10:56:22.250] [DEBUG] Server - #promiseModel() [ 1, 2.3 ] { model: 'Kopnik', id: 2 }
[2016-08-31 10:56:22.257] [ INFO] console - Executing (b420161e-195f-405b-8946-c62c970e5929): START TRANSACTION;
[2016-08-31 10:56:22.263] [ INFO] console - Executing (b420161e-195f-405b-8946-c62c970e5929): SET SESSION TRANSACTION ISOLATION LEVEL REPEATABLE READ;
[2016-08-31 10:56:22.283] [ INFO] console - Executing (default): SELECT "Kopnik"."id", "Kopnik"."email", "Kopnik"."password", "Kopnik"."name", "Kopnik"."surname", "Kopnik"."patronymic", "Kopnik"."birth", "Kopnik"."note", "Kopnik"."own_id", "Kopnik"."starshina_id", "attachments"."id" AS "attachments.id", "attachments"."path" AS "attachments.path", "attachments"."note" AS "attachments.note", "attachments"."zemla_id" AS "attachments.zemla_id", "attachments"."kopnik_id" AS "attachments.kopnik_id", "attachments"."kopa_id" AS "attachments.kopa_id", "attachments"."slovo_id" AS "attachments.slovo_id", "attachments"."predlozhenie_id" AS "attachments.predlozhenie_id", "attachments"."golos_id" AS "attachments.golos_id" FROM "Kopnik" AS "Kopnik" LEFT OUTER JOIN "File" AS "attachments" ON "Kopnik"."id" = "attachments"."kopnik_id" WHERE "Kopnik"."id" = 2;
[2016-08-31 10:56:22.297] [ INFO] console - Executing (b420161e-195f-405b-8946-c62c970e5929): COMMIT;
[2016-08-31 10:56:22.302] [ INFO] console - [ 70,
  92,
  {},
  [ { fullName: 'Unit Test',
      id: '2',
      email: 'unittest1@domain.ru',
      name: 'Unit',
      surname: 'Test',
      patronymic: '1',
      birth: 1983,
      note: null,
      own_id: '2',
      starshina_id: null,
      attachments: [] } ] ]
[2016-08-31 10:56:22.322] [DEBUG] Server - #promiseModel() [ 1, 2.3 ] { model: 'Kopnik', id: 2 }
[2016-08-31 10:56:22.335] [ INFO] console - Executing (50e1de0a-bc62-4db5-a604-f86a6719c313): START TRANSACTION;
[2016-08-31 10:56:22.339] [ INFO] console - Executing (50e1de0a-bc62-4db5-a604-f86a6719c313): SET SESSION TRANSACTION ISOLATION LEVEL REPEATABLE READ;
[2016-08-31 10:56:22.362] [ INFO] console - Executing (default): SELECT "Kopnik"."id", "Kopnik"."email", "Kopnik"."password", "Kopnik"."name", "Kopnik"."surname", "Kopnik"."patronymic", "Kopnik"."birth", "Kopnik"."note", "Kopnik"."own_id", "Kopnik"."starshina_id", "attachments"."id" AS "attachments.id", "attachments"."path" AS "attachments.path", "attachments"."note" AS "attachments.note", "attachments"."zemla_id" AS "attachments.zemla_id", "attachments"."kopnik_id" AS "attachments.kopnik_id", "attachments"."kopa_id" AS "attachments.kopa_id", "attachments"."slovo_id" AS "attachments.slovo_id", "attachments"."predlozhenie_id" AS "attachments.predlozhenie_id", "attachments"."golos_id" AS "attachments.golos_id" FROM "Kopnik" AS "Kopnik" LEFT OUTER JOIN "File" AS "attachments" ON "Kopnik"."id" = "attachments"."kopnik_id" WHERE "Kopnik"."id" = 2;
[2016-08-31 10:56:22.375] [ INFO] console - Executing (50e1de0a-bc62-4db5-a604-f86a6719c313): COMMIT;
[2016-08-31 10:56:22.379] [ INFO] console - [ 70,
  93,
  {},
  [ { fullName: 'Unit Test',
      id: '2',
      email: 'unittest1@domain.ru',
      name: 'Unit',
      surname: 'Test',
      patronymic: '1',
      birth: 1983,
      note: null,
      own_id: '2',
      starshina_id: null,
      attachments: [] } ] ]
[2016-08-31 10:57:40.316] [DEBUG] Server - #promiseModel() [ 1, 2.3 ] { model: 'Kopnik', id: 2 }
[2016-08-31 10:57:40.352] [ INFO] console - Executing (6c8c2961-4b48-4ff0-b620-50e005caed76): START TRANSACTION;
[2016-08-31 10:57:40.356] [ INFO] console - Executing (6c8c2961-4b48-4ff0-b620-50e005caed76): SET SESSION TRANSACTION ISOLATION LEVEL REPEATABLE READ;
[2016-08-31 10:57:40.403] [ INFO] console - Executing (default): SELECT "Kopnik"."id", "Kopnik"."email", "Kopnik"."password", "Kopnik"."name", "Kopnik"."surname", "Kopnik"."patronymic", "Kopnik"."birth", "Kopnik"."note", "Kopnik"."own_id", "Kopnik"."starshina_id", "attachments"."id" AS "attachments.id", "attachments"."path" AS "attachments.path", "attachments"."note" AS "attachments.note", "attachments"."zemla_id" AS "attachments.zemla_id", "attachments"."kopnik_id" AS "attachments.kopnik_id", "attachments"."kopa_id" AS "attachments.kopa_id", "attachments"."slovo_id" AS "attachments.slovo_id", "attachments"."predlozhenie_id" AS "attachments.predlozhenie_id", "attachments"."golos_id" AS "attachments.golos_id" FROM "Kopnik" AS "Kopnik" LEFT OUTER JOIN "File" AS "attachments" ON "Kopnik"."id" = "attachments"."kopnik_id" WHERE "Kopnik"."id" = 2;
[2016-08-31 10:57:40.424] [ INFO] console - Executing (6c8c2961-4b48-4ff0-b620-50e005caed76): COMMIT;
[2016-08-31 10:57:40.427] [ INFO] console - [ 70,
  95,
  {},
  [ { fullName: 'Unit Test',
      id: '2',
      email: 'unittest1@domain.ru',
      name: 'Unit',
      surname: 'Test',
      patronymic: '1',
      birth: 1983,
      note: null,
      own_id: '2',
      starshina_id: null,
      attachments: [] } ] ]
[2016-08-31 10:57:40.450] [DEBUG] Server - #promiseModel() [ 1, 2.3 ] { model: 'Kopnik', id: 2 }
[2016-08-31 10:57:40.459] [ INFO] console - Executing (4f34cbbb-fbd2-4745-822d-b28d9843f5e2): START TRANSACTION;
[2016-08-31 10:57:40.462] [ INFO] console - Executing (4f34cbbb-fbd2-4745-822d-b28d9843f5e2): SET SESSION TRANSACTION ISOLATION LEVEL REPEATABLE READ;
[2016-08-31 10:57:40.477] [ INFO] console - Executing (default): SELECT "Kopnik"."id", "Kopnik"."email", "Kopnik"."password", "Kopnik"."name", "Kopnik"."surname", "Kopnik"."patronymic", "Kopnik"."birth", "Kopnik"."note", "Kopnik"."own_id", "Kopnik"."starshina_id", "attachments"."id" AS "attachments.id", "attachments"."path" AS "attachments.path", "attachments"."note" AS "attachments.note", "attachments"."zemla_id" AS "attachments.zemla_id", "attachments"."kopnik_id" AS "attachments.kopnik_id", "attachments"."kopa_id" AS "attachments.kopa_id", "attachments"."slovo_id" AS "attachments.slovo_id", "attachments"."predlozhenie_id" AS "attachments.predlozhenie_id", "attachments"."golos_id" AS "attachments.golos_id" FROM "Kopnik" AS "Kopnik" LEFT OUTER JOIN "File" AS "attachments" ON "Kopnik"."id" = "attachments"."kopnik_id" WHERE "Kopnik"."id" = 2;
[2016-08-31 10:57:40.493] [ INFO] console - Executing (4f34cbbb-fbd2-4745-822d-b28d9843f5e2): COMMIT;
[2016-08-31 10:57:40.497] [ INFO] console - [ 70,
  96,
  {},
  [ { fullName: 'Unit Test',
      id: '2',
      email: 'unittest1@domain.ru',
      name: 'Unit',
      surname: 'Test',
      patronymic: '1',
      birth: 1983,
      note: null,
      own_id: '2',
      starshina_id: null,
      attachments: [] } ] ]
[2016-08-31 10:57:40.518] [DEBUG] Server - #promiseModel() [ 1, 2.3 ] { model: 'Kopnik', id: 2 }
[2016-08-31 10:57:40.525] [ INFO] console - Executing (59b764c8-25cc-4fa7-bc68-cae9cca7156d): START TRANSACTION;
[2016-08-31 10:57:40.529] [ INFO] console - Executing (59b764c8-25cc-4fa7-bc68-cae9cca7156d): SET SESSION TRANSACTION ISOLATION LEVEL REPEATABLE READ;
[2016-08-31 10:57:40.548] [ INFO] console - Executing (default): SELECT "Kopnik"."id", "Kopnik"."email", "Kopnik"."password", "Kopnik"."name", "Kopnik"."surname", "Kopnik"."patronymic", "Kopnik"."birth", "Kopnik"."note", "Kopnik"."own_id", "Kopnik"."starshina_id", "attachments"."id" AS "attachments.id", "attachments"."path" AS "attachments.path", "attachments"."note" AS "attachments.note", "attachments"."zemla_id" AS "attachments.zemla_id", "attachments"."kopnik_id" AS "attachments.kopnik_id", "attachments"."kopa_id" AS "attachments.kopa_id", "attachments"."slovo_id" AS "attachments.slovo_id", "attachments"."predlozhenie_id" AS "attachments.predlozhenie_id", "attachments"."golos_id" AS "attachments.golos_id" FROM "Kopnik" AS "Kopnik" LEFT OUTER JOIN "File" AS "attachments" ON "Kopnik"."id" = "attachments"."kopnik_id" WHERE "Kopnik"."id" = 2;
[2016-08-31 10:57:40.562] [ INFO] console - Executing (59b764c8-25cc-4fa7-bc68-cae9cca7156d): COMMIT;
[2016-08-31 10:57:40.566] [ INFO] console - [ 70,
  97,
  {},
  [ { fullName: 'Unit Test',
      id: '2',
      email: 'unittest1@domain.ru',
      name: 'Unit',
      surname: 'Test',
      patronymic: '1',
      birth: 1983,
      note: null,
      own_id: '2',
      starshina_id: null,
      attachments: [] } ] ]
[2016-08-31 10:57:40.593] [DEBUG] Server - #promiseModel() [ 1, 2.3 ] { model: 'Kopnik', id: 2 }
[2016-08-31 10:57:40.606] [ INFO] console - Executing (75b664a6-bad7-43bb-bab2-edc7aa4f767c): START TRANSACTION;
[2016-08-31 10:57:40.614] [ INFO] console - Executing (75b664a6-bad7-43bb-bab2-edc7aa4f767c): SET SESSION TRANSACTION ISOLATION LEVEL REPEATABLE READ;
[2016-08-31 10:57:40.636] [ INFO] console - Executing (default): SELECT "Kopnik"."id", "Kopnik"."email", "Kopnik"."password", "Kopnik"."name", "Kopnik"."surname", "Kopnik"."patronymic", "Kopnik"."birth", "Kopnik"."note", "Kopnik"."own_id", "Kopnik"."starshina_id", "attachments"."id" AS "attachments.id", "attachments"."path" AS "attachments.path", "attachments"."note" AS "attachments.note", "attachments"."zemla_id" AS "attachments.zemla_id", "attachments"."kopnik_id" AS "attachments.kopnik_id", "attachments"."kopa_id" AS "attachments.kopa_id", "attachments"."slovo_id" AS "attachments.slovo_id", "attachments"."predlozhenie_id" AS "attachments.predlozhenie_id", "attachments"."golos_id" AS "attachments.golos_id" FROM "Kopnik" AS "Kopnik" LEFT OUTER JOIN "File" AS "attachments" ON "Kopnik"."id" = "attachments"."kopnik_id" WHERE "Kopnik"."id" = 2;
[2016-08-31 10:57:40.646] [ INFO] console - Executing (75b664a6-bad7-43bb-bab2-edc7aa4f767c): COMMIT;
[2016-08-31 10:57:40.649] [ INFO] console - [ 70,
  98,
  {},
  [ { fullName: 'Unit Test',
      id: '2',
      email: 'unittest1@domain.ru',
      name: 'Unit',
      surname: 'Test',
      patronymic: '1',
      birth: 1983,
      note: null,
      own_id: '2',
      starshina_id: null,
      attachments: [] } ] ]
[2016-08-31 10:58:50.538] [DEBUG] Server - #pingPong() [ 1, 2, 3 ] { x: 1, y: 2, z: 3 }
[2016-08-31 10:58:50.546] [ INFO] console - [ 70, 100, {}, [ 1, 2, 3 ], { x: 1, y: 2, z: 3 } ]
[2016-08-31 10:58:50.616] [ INFO] console - Executing (default): select '' as result
[2016-08-31 10:58:50.621] [ INFO] console - [ 70, 101, {}, [ '' ] ]
[2016-08-31 10:58:50.633] [DEBUG] Server - #error() [ 'sadkljfaskldjfs;af' ] {}
[2016-08-31 10:58:50.638] [ERROR] Server - [Error: sadkljfaskldjfs;af]
Error: sadkljfaskldjfs;af
    at MySuperError (Server.js:124:9)
    at fn.constructor.error.Error (Server.js:129:19)
    at new wrappedPromise (/home/alexey2baranov/htdocs/kp-sequelizejs/node_modules/async-listener/index.js:372:16)
    at Server.error (Server.js:128:16)
    at Object.<anonymous> (Server.js:102:43)
    at [object Generator].next (native)
    at step (/home/alexey2baranov/htdocs/kp-sequelizejs/src/Server.js:1:253)
    at /home/alexey2baranov/htdocs/kp-sequelizejs/src/Server.js:1:513
    at new wrappedPromise (/home/alexey2baranov/htdocs/kp-sequelizejs/node_modules/async-listener/index.js:372:16)
    at Object.<anonymous> (/home/alexey2baranov/htdocs/kp-sequelizejs/src/Server.js:1:161)
    at Object.<anonymous> (Server.js:99:27)
    at tryCatchResolve (/home/alexey2baranov/htdocs/kp-sequelizejs/node_modules/when/lib/apply.js:46:23)
    at callAndResolve (/home/alexey2baranov/htdocs/kp-sequelizejs/node_modules/when/lib/apply.js:30:12)
    at callAndResolveNext (/home/alexey2baranov/htdocs/kp-sequelizejs/node_modules/when/lib/apply.js:40:4)
    at tryCatchReject3 (/home/alexey2baranov/htdocs/kp-sequelizejs/node_modules/when/lib/makePromise.js:856:7)
    at runContinuation3 (/home/alexey2baranov/htdocs/kp-sequelizejs/node_modules/when/lib/makePromise.js:814:4)
[2016-08-31 10:58:50.654] [ INFO] console - [ 8,
  68,
  102,
  {},
  'MySuperError',
  [ 'sadkljfaskldjfs;af' ],
  { stack: 
     [ 'Error: sadkljfaskldjfs;af',
       '    at MySuperError (Server.js:124:9)',
       '    at fn.constructor.error.Error (Server.js:129:19)',
       '    at new wrappedPromise (/home/alexey2baranov/htdocs/kp-sequelizejs/node_modules/async-listener/index.js:372:16)',
       '    at Server.error (Server.js:128:16)',
       '    at Object.<anonymous> (Server.js:102:43)',
       '    at [object Generator].next (native)',
       '    at step (/home/alexey2baranov/htdocs/kp-sequelizejs/src/Server.js:1:253)',
       '    at /home/alexey2baranov/htdocs/kp-sequelizejs/src/Server.js:1:513',
       '    at new wrappedPromise (/home/alexey2baranov/htdocs/kp-sequelizejs/node_modules/async-listener/index.js:372:16)',
       '    at Object.<anonymous> (/home/alexey2baranov/htdocs/kp-sequelizejs/src/Server.js:1:161)',
       '    at Object.<anonymous> (Server.js:99:27)',
       '    at tryCatchResolve (/home/alexey2baranov/htdocs/kp-sequelizejs/node_modules/when/lib/apply.js:46:23)',
       '    at callAndResolve (/home/alexey2baranov/htdocs/kp-sequelizejs/node_modules/when/lib/apply.js:30:12)',
       '    at callAndResolveNext (/home/alexey2baranov/htdocs/kp-sequelizejs/node_modules/when/lib/apply.js:40:4)',
       '    at tryCatchReject3 (/home/alexey2baranov/htdocs/kp-sequelizejs/node_modules/when/lib/makePromise.js:856:7)',
       '    at runContinuation3 (/home/alexey2baranov/htdocs/kp-sequelizejs/node_modules/when/lib/makePromise.js:814:4)' ] } ]
[2016-08-31 10:59:07.405] [DEBUG] Server - #promiseModel() [ 1, 2.3 ] { model: 'Kopnik', id: 2 }
[2016-08-31 10:59:07.447] [ INFO] console - Executing (6363250f-82aa-42c2-aeec-9fa6e90d21e7): START TRANSACTION;
[2016-08-31 10:59:07.452] [ INFO] console - Executing (6363250f-82aa-42c2-aeec-9fa6e90d21e7): SET SESSION TRANSACTION ISOLATION LEVEL REPEATABLE READ;
[2016-08-31 10:59:07.499] [ INFO] console - Executing (default): SELECT "Kopnik"."id", "Kopnik"."email", "Kopnik"."password", "Kopnik"."name", "Kopnik"."surname", "Kopnik"."patronymic", "Kopnik"."birth", "Kopnik"."note", "Kopnik"."own_id", "Kopnik"."starshina_id", "attachments"."id" AS "attachments.id", "attachments"."path" AS "attachments.path", "attachments"."note" AS "attachments.note", "attachments"."zemla_id" AS "attachments.zemla_id", "attachments"."kopnik_id" AS "attachments.kopnik_id", "attachments"."kopa_id" AS "attachments.kopa_id", "attachments"."slovo_id" AS "attachments.slovo_id", "attachments"."predlozhenie_id" AS "attachments.predlozhenie_id", "attachments"."golos_id" AS "attachments.golos_id" FROM "Kopnik" AS "Kopnik" LEFT OUTER JOIN "File" AS "attachments" ON "Kopnik"."id" = "attachments"."kopnik_id" WHERE "Kopnik"."id" = 2;
[2016-08-31 10:59:07.514] [ INFO] console - Executing (6363250f-82aa-42c2-aeec-9fa6e90d21e7): COMMIT;
[2016-08-31 10:59:07.526] [ INFO] console - [ 70,
  104,
  {},
  [ { fullName: 'Unit Test',
      id: '2',
      email: 'unittest1@domain.ru',
      name: 'Unit',
      surname: 'Test',
      patronymic: '1',
      birth: 1983,
      note: null,
      own_id: '2',
      starshina_id: null,
      attachments: [] } ] ]
[2016-08-31 10:59:07.546] [DEBUG] Server - #promiseModel() [ 1, 2.3 ] { model: 'Kopnik', id: 2 }
[2016-08-31 10:59:07.554] [ INFO] console - Executing (682e046f-6883-4436-837f-18bbd3eede67): START TRANSACTION;
[2016-08-31 10:59:07.561] [ INFO] console - Executing (682e046f-6883-4436-837f-18bbd3eede67): SET SESSION TRANSACTION ISOLATION LEVEL REPEATABLE READ;
[2016-08-31 10:59:07.580] [ INFO] console - Executing (default): SELECT "Kopnik"."id", "Kopnik"."email", "Kopnik"."password", "Kopnik"."name", "Kopnik"."surname", "Kopnik"."patronymic", "Kopnik"."birth", "Kopnik"."note", "Kopnik"."own_id", "Kopnik"."starshina_id", "attachments"."id" AS "attachments.id", "attachments"."path" AS "attachments.path", "attachments"."note" AS "attachments.note", "attachments"."zemla_id" AS "attachments.zemla_id", "attachments"."kopnik_id" AS "attachments.kopnik_id", "attachments"."kopa_id" AS "attachments.kopa_id", "attachments"."slovo_id" AS "attachments.slovo_id", "attachments"."predlozhenie_id" AS "attachments.predlozhenie_id", "attachments"."golos_id" AS "attachments.golos_id" FROM "Kopnik" AS "Kopnik" LEFT OUTER JOIN "File" AS "attachments" ON "Kopnik"."id" = "attachments"."kopnik_id" WHERE "Kopnik"."id" = 2;
[2016-08-31 10:59:07.593] [ INFO] console - Executing (682e046f-6883-4436-837f-18bbd3eede67): COMMIT;
[2016-08-31 10:59:07.597] [ INFO] console - [ 70,
  105,
  {},
  [ { fullName: 'Unit Test',
      id: '2',
      email: 'unittest1@domain.ru',
      name: 'Unit',
      surname: 'Test',
      patronymic: '1',
      birth: 1983,
      note: null,
      own_id: '2',
      starshina_id: null,
      attachments: [] } ] ]
[2016-08-31 10:59:07.621] [DEBUG] Server - #promiseModel() [ 1, 2.3 ] { model: 'Kopnik', id: 2 }
[2016-08-31 10:59:07.633] [ INFO] console - Executing (ba429617-e670-455f-83f0-706a5aea7239): START TRANSACTION;
[2016-08-31 10:59:07.637] [ INFO] console - Executing (ba429617-e670-455f-83f0-706a5aea7239): SET SESSION TRANSACTION ISOLATION LEVEL REPEATABLE READ;
[2016-08-31 10:59:07.652] [ INFO] console - Executing (default): SELECT "Kopnik"."id", "Kopnik"."email", "Kopnik"."password", "Kopnik"."name", "Kopnik"."surname", "Kopnik"."patronymic", "Kopnik"."birth", "Kopnik"."note", "Kopnik"."own_id", "Kopnik"."starshina_id", "attachments"."id" AS "attachments.id", "attachments"."path" AS "attachments.path", "attachments"."note" AS "attachments.note", "attachments"."zemla_id" AS "attachments.zemla_id", "attachments"."kopnik_id" AS "attachments.kopnik_id", "attachments"."kopa_id" AS "attachments.kopa_id", "attachments"."slovo_id" AS "attachments.slovo_id", "attachments"."predlozhenie_id" AS "attachments.predlozhenie_id", "attachments"."golos_id" AS "attachments.golos_id" FROM "Kopnik" AS "Kopnik" LEFT OUTER JOIN "File" AS "attachments" ON "Kopnik"."id" = "attachments"."kopnik_id" WHERE "Kopnik"."id" = 2;
[2016-08-31 10:59:07.670] [ INFO] console - Executing (ba429617-e670-455f-83f0-706a5aea7239): COMMIT;
[2016-08-31 10:59:07.673] [ INFO] console - [ 70,
  106,
  {},
  [ { fullName: 'Unit Test',
      id: '2',
      email: 'unittest1@domain.ru',
      name: 'Unit',
      surname: 'Test',
      patronymic: '1',
      birth: 1983,
      note: null,
      own_id: '2',
      starshina_id: null,
      attachments: [] } ] ]
[2016-08-31 10:59:07.697] [DEBUG] Server - #promiseModel() [ 1, 2.3 ] { model: 'Kopnik', id: 2 }
[2016-08-31 10:59:07.729] [ INFO] console - Executing (e49024a0-e0c9-4742-9f4a-f9076843991a): START TRANSACTION;
[2016-08-31 10:59:07.735] [ INFO] console - Executing (e49024a0-e0c9-4742-9f4a-f9076843991a): SET SESSION TRANSACTION ISOLATION LEVEL REPEATABLE READ;
[2016-08-31 10:59:07.754] [ INFO] console - Executing (default): SELECT "Kopnik"."id", "Kopnik"."email", "Kopnik"."password", "Kopnik"."name", "Kopnik"."surname", "Kopnik"."patronymic", "Kopnik"."birth", "Kopnik"."note", "Kopnik"."own_id", "Kopnik"."starshina_id", "attachments"."id" AS "attachments.id", "attachments"."path" AS "attachments.path", "attachments"."note" AS "attachments.note", "attachments"."zemla_id" AS "attachments.zemla_id", "attachments"."kopnik_id" AS "attachments.kopnik_id", "attachments"."kopa_id" AS "attachments.kopa_id", "attachments"."slovo_id" AS "attachments.slovo_id", "attachments"."predlozhenie_id" AS "attachments.predlozhenie_id", "attachments"."golos_id" AS "attachments.golos_id" FROM "Kopnik" AS "Kopnik" LEFT OUTER JOIN "File" AS "attachments" ON "Kopnik"."id" = "attachments"."kopnik_id" WHERE "Kopnik"."id" = 2;
[2016-08-31 10:59:07.768] [ INFO] console - Executing (e49024a0-e0c9-4742-9f4a-f9076843991a): COMMIT;
[2016-08-31 10:59:07.771] [ INFO] console - [ 70,
  107,
  {},
  [ { fullName: 'Unit Test',
      id: '2',
      email: 'unittest1@domain.ru',
      name: 'Unit',
      surname: 'Test',
      patronymic: '1',
      birth: 1983,
      note: null,
      own_id: '2',
      starshina_id: null,
      attachments: [] } ] ]
[2016-08-31 11:00:05.993] [DEBUG] Server - #pingPong() [ 1, 2, 3 ] { x: 1, y: 2, z: 3 }
[2016-08-31 11:00:06.003] [ INFO] console - [ 70, 109, {}, [ 1, 2, 3 ], { x: 1, y: 2, z: 3 } ]
[2016-08-31 11:00:06.069] [ INFO] console - Executing (default): select '' as result
[2016-08-31 11:00:06.077] [ INFO] console - [ 70, 110, {}, [ '' ] ]
[2016-08-31 11:00:06.091] [DEBUG] Server - #error() [ 'sadkljfaskldjfs;af' ] {}
[2016-08-31 11:00:06.096] [ERROR] Server - [Error: sadkljfaskldjfs;af]
Error: sadkljfaskldjfs;af
    at MySuperError (Server.js:124:9)
    at fn.constructor.error.Error (Server.js:129:19)
    at new wrappedPromise (/home/alexey2baranov/htdocs/kp-sequelizejs/node_modules/async-listener/index.js:372:16)
    at Server.error (Server.js:128:16)
    at Object.<anonymous> (Server.js:102:43)
    at [object Generator].next (native)
    at step (/home/alexey2baranov/htdocs/kp-sequelizejs/src/Server.js:1:253)
    at /home/alexey2baranov/htdocs/kp-sequelizejs/src/Server.js:1:513
    at new wrappedPromise (/home/alexey2baranov/htdocs/kp-sequelizejs/node_modules/async-listener/index.js:372:16)
    at Object.<anonymous> (/home/alexey2baranov/htdocs/kp-sequelizejs/src/Server.js:1:161)
    at Object.<anonymous> (Server.js:99:27)
    at tryCatchResolve (/home/alexey2baranov/htdocs/kp-sequelizejs/node_modules/when/lib/apply.js:46:23)
    at callAndResolve (/home/alexey2baranov/htdocs/kp-sequelizejs/node_modules/when/lib/apply.js:30:12)
    at callAndResolveNext (/home/alexey2baranov/htdocs/kp-sequelizejs/node_modules/when/lib/apply.js:40:4)
    at tryCatchReject3 (/home/alexey2baranov/htdocs/kp-sequelizejs/node_modules/when/lib/makePromise.js:856:7)
    at runContinuation3 (/home/alexey2baranov/htdocs/kp-sequelizejs/node_modules/when/lib/makePromise.js:814:4)
[2016-08-31 11:00:06.106] [ INFO] console - [ 8,
  68,
  111,
  {},
  'MySuperError',
  [ 'sadkljfaskldjfs;af' ],
  { stack: 
     [ 'Error: sadkljfaskldjfs;af',
       '    at MySuperError (Server.js:124:9)',
       '    at fn.constructor.error.Error (Server.js:129:19)',
       '    at new wrappedPromise (/home/alexey2baranov/htdocs/kp-sequelizejs/node_modules/async-listener/index.js:372:16)',
       '    at Server.error (Server.js:128:16)',
       '    at Object.<anonymous> (Server.js:102:43)',
       '    at [object Generator].next (native)',
       '    at step (/home/alexey2baranov/htdocs/kp-sequelizejs/src/Server.js:1:253)',
       '    at /home/alexey2baranov/htdocs/kp-sequelizejs/src/Server.js:1:513',
       '    at new wrappedPromise (/home/alexey2baranov/htdocs/kp-sequelizejs/node_modules/async-listener/index.js:372:16)',
       '    at Object.<anonymous> (/home/alexey2baranov/htdocs/kp-sequelizejs/src/Server.js:1:161)',
       '    at Object.<anonymous> (Server.js:99:27)',
       '    at tryCatchResolve (/home/alexey2baranov/htdocs/kp-sequelizejs/node_modules/when/lib/apply.js:46:23)',
       '    at callAndResolve (/home/alexey2baranov/htdocs/kp-sequelizejs/node_modules/when/lib/apply.js:30:12)',
       '    at callAndResolveNext (/home/alexey2baranov/htdocs/kp-sequelizejs/node_modules/when/lib/apply.js:40:4)',
       '    at tryCatchReject3 (/home/alexey2baranov/htdocs/kp-sequelizejs/node_modules/when/lib/makePromise.js:856:7)',
       '    at runContinuation3 (/home/alexey2baranov/htdocs/kp-sequelizejs/node_modules/when/lib/makePromise.js:814:4)' ] } ]
[2016-08-31 11:00:13.768] [DEBUG] Server - #pingPong() [ 1, 2, 3 ] { x: 1, y: 2, z: 3 }
[2016-08-31 11:00:13.775] [ INFO] console - [ 70, 113, {}, [ 1, 2, 3 ], { x: 1, y: 2, z: 3 } ]
[2016-08-31 11:00:13.802] [ INFO] console - Executing (default): select '' as result
[2016-08-31 11:00:13.808] [ INFO] console - [ 70, 114, {}, [ '' ] ]
[2016-08-31 11:00:13.826] [DEBUG] Server - #error() [ 'sadkljfaskldjfs;af' ] {}
[2016-08-31 11:00:13.831] [ERROR] Server - [Error: sadkljfaskldjfs;af]
Error: sadkljfaskldjfs;af
    at MySuperError (Server.js:124:9)
    at fn.constructor.error.Error (Server.js:129:19)
    at new wrappedPromise (/home/alexey2baranov/htdocs/kp-sequelizejs/node_modules/async-listener/index.js:372:16)
    at Server.error (Server.js:128:16)
    at Object.<anonymous> (Server.js:102:43)
    at [object Generator].next (native)
    at step (/home/alexey2baranov/htdocs/kp-sequelizejs/src/Server.js:1:253)
    at /home/alexey2baranov/htdocs/kp-sequelizejs/src/Server.js:1:513
    at new wrappedPromise (/home/alexey2baranov/htdocs/kp-sequelizejs/node_modules/async-listener/index.js:372:16)
    at Object.<anonymous> (/home/alexey2baranov/htdocs/kp-sequelizejs/src/Server.js:1:161)
    at Object.<anonymous> (Server.js:99:27)
    at tryCatchResolve (/home/alexey2baranov/htdocs/kp-sequelizejs/node_modules/when/lib/apply.js:46:23)
    at callAndResolve (/home/alexey2baranov/htdocs/kp-sequelizejs/node_modules/when/lib/apply.js:30:12)
    at callAndResolveNext (/home/alexey2baranov/htdocs/kp-sequelizejs/node_modules/when/lib/apply.js:40:4)
    at tryCatchReject3 (/home/alexey2baranov/htdocs/kp-sequelizejs/node_modules/when/lib/makePromise.js:856:7)
    at runContinuation3 (/home/alexey2baranov/htdocs/kp-sequelizejs/node_modules/when/lib/makePromise.js:814:4)
[2016-08-31 11:00:13.841] [ INFO] console - [ 8,
  68,
  115,
  {},
  'MySuperError',
  [ 'sadkljfaskldjfs;af' ],
  { stack: 
     [ 'Error: sadkljfaskldjfs;af',
       '    at MySuperError (Server.js:124:9)',
       '    at fn.constructor.error.Error (Server.js:129:19)',
       '    at new wrappedPromise (/home/alexey2baranov/htdocs/kp-sequelizejs/node_modules/async-listener/index.js:372:16)',
       '    at Server.error (Server.js:128:16)',
       '    at Object.<anonymous> (Server.js:102:43)',
       '    at [object Generator].next (native)',
       '    at step (/home/alexey2baranov/htdocs/kp-sequelizejs/src/Server.js:1:253)',
       '    at /home/alexey2baranov/htdocs/kp-sequelizejs/src/Server.js:1:513',
       '    at new wrappedPromise (/home/alexey2baranov/htdocs/kp-sequelizejs/node_modules/async-listener/index.js:372:16)',
       '    at Object.<anonymous> (/home/alexey2baranov/htdocs/kp-sequelizejs/src/Server.js:1:161)',
       '    at Object.<anonymous> (Server.js:99:27)',
       '    at tryCatchResolve (/home/alexey2baranov/htdocs/kp-sequelizejs/node_modules/when/lib/apply.js:46:23)',
       '    at callAndResolve (/home/alexey2baranov/htdocs/kp-sequelizejs/node_modules/when/lib/apply.js:30:12)',
       '    at callAndResolveNext (/home/alexey2baranov/htdocs/kp-sequelizejs/node_modules/when/lib/apply.js:40:4)',
       '    at tryCatchReject3 (/home/alexey2baranov/htdocs/kp-sequelizejs/node_modules/when/lib/makePromise.js:856:7)',
       '    at runContinuation3 (/home/alexey2baranov/htdocs/kp-sequelizejs/node_modules/when/lib/makePromise.js:814:4)' ] } ]
[2016-08-31 11:01:03.853] [DEBUG] Server - #promiseModel() [ 1, 2.3 ] { model: 'Kopnik', id: 2 }
[2016-08-31 11:01:03.898] [ INFO] console - Executing (83affb16-2af9-4f34-a677-276561cd06e9): START TRANSACTION;
[2016-08-31 11:01:03.901] [ INFO] console - Executing (83affb16-2af9-4f34-a677-276561cd06e9): SET SESSION TRANSACTION ISOLATION LEVEL REPEATABLE READ;
[2016-08-31 11:01:03.950] [ INFO] console - Executing (default): SELECT "Kopnik"."id", "Kopnik"."email", "Kopnik"."password", "Kopnik"."name", "Kopnik"."surname", "Kopnik"."patronymic", "Kopnik"."birth", "Kopnik"."note", "Kopnik"."own_id", "Kopnik"."starshina_id", "attachments"."id" AS "attachments.id", "attachments"."path" AS "attachments.path", "attachments"."note" AS "attachments.note", "attachments"."zemla_id" AS "attachments.zemla_id", "attachments"."kopnik_id" AS "attachments.kopnik_id", "attachments"."kopa_id" AS "attachments.kopa_id", "attachments"."slovo_id" AS "attachments.slovo_id", "attachments"."predlozhenie_id" AS "attachments.predlozhenie_id", "attachments"."golos_id" AS "attachments.golos_id" FROM "Kopnik" AS "Kopnik" LEFT OUTER JOIN "File" AS "attachments" ON "Kopnik"."id" = "attachments"."kopnik_id" WHERE "Kopnik"."id" = 2;
[2016-08-31 11:01:03.976] [ INFO] console - Executing (83affb16-2af9-4f34-a677-276561cd06e9): COMMIT;
[2016-08-31 11:01:03.979] [ INFO] console - [ 70,
  117,
  {},
  [ { fullName: 'Unit Test',
      id: '2',
      email: 'unittest1@domain.ru',
      name: 'Unit',
      surname: 'Test',
      patronymic: '1',
      birth: 1983,
      note: null,
      own_id: '2',
      starshina_id: null,
      attachments: [] } ] ]
[2016-08-31 11:01:04.013] [DEBUG] Server - #promiseModel() [ 1, 2.3 ] { model: 'Kopnik', id: 2 }
[2016-08-31 11:01:04.022] [ INFO] console - Executing (73cea95e-d8aa-4c2b-bef7-21972aa8de69): START TRANSACTION;
[2016-08-31 11:01:04.026] [ INFO] console - Executing (73cea95e-d8aa-4c2b-bef7-21972aa8de69): SET SESSION TRANSACTION ISOLATION LEVEL REPEATABLE READ;
[2016-08-31 11:01:04.040] [ INFO] console - Executing (default): SELECT "Kopnik"."id", "Kopnik"."email", "Kopnik"."password", "Kopnik"."name", "Kopnik"."surname", "Kopnik"."patronymic", "Kopnik"."birth", "Kopnik"."note", "Kopnik"."own_id", "Kopnik"."starshina_id", "attachments"."id" AS "attachments.id", "attachments"."path" AS "attachments.path", "attachments"."note" AS "attachments.note", "attachments"."zemla_id" AS "attachments.zemla_id", "attachments"."kopnik_id" AS "attachments.kopnik_id", "attachments"."kopa_id" AS "attachments.kopa_id", "attachments"."slovo_id" AS "attachments.slovo_id", "attachments"."predlozhenie_id" AS "attachments.predlozhenie_id", "attachments"."golos_id" AS "attachments.golos_id" FROM "Kopnik" AS "Kopnik" LEFT OUTER JOIN "File" AS "attachments" ON "Kopnik"."id" = "attachments"."kopnik_id" WHERE "Kopnik"."id" = 2;
[2016-08-31 11:01:04.064] [ INFO] console - Executing (73cea95e-d8aa-4c2b-bef7-21972aa8de69): COMMIT;
[2016-08-31 11:01:04.069] [ INFO] console - [ 70,
  118,
  {},
  [ { fullName: 'Unit Test',
      id: '2',
      email: 'unittest1@domain.ru',
      name: 'Unit',
      surname: 'Test',
      patronymic: '1',
      birth: 1983,
      note: null,
      own_id: '2',
      starshina_id: null,
      attachments: [] } ] ]
[2016-08-31 11:01:22.695] [DEBUG] Server - #promiseModel() [ 1, 2.3 ] { model: 'Kopnik', id: 2 }
[2016-08-31 11:01:22.732] [ INFO] console - Executing (0fa025c7-a193-40e3-9884-2c30588569f5): START TRANSACTION;
[2016-08-31 11:01:22.736] [ INFO] console - Executing (0fa025c7-a193-40e3-9884-2c30588569f5): SET SESSION TRANSACTION ISOLATION LEVEL REPEATABLE READ;
[2016-08-31 11:01:22.796] [ INFO] console - Executing (default): SELECT "Kopnik"."id", "Kopnik"."email", "Kopnik"."password", "Kopnik"."name", "Kopnik"."surname", "Kopnik"."patronymic", "Kopnik"."birth", "Kopnik"."note", "Kopnik"."own_id", "Kopnik"."starshina_id", "attachments"."id" AS "attachments.id", "attachments"."path" AS "attachments.path", "attachments"."note" AS "attachments.note", "attachments"."zemla_id" AS "attachments.zemla_id", "attachments"."kopnik_id" AS "attachments.kopnik_id", "attachments"."kopa_id" AS "attachments.kopa_id", "attachments"."slovo_id" AS "attachments.slovo_id", "attachments"."predlozhenie_id" AS "attachments.predlozhenie_id", "attachments"."golos_id" AS "attachments.golos_id" FROM "Kopnik" AS "Kopnik" LEFT OUTER JOIN "File" AS "attachments" ON "Kopnik"."id" = "attachments"."kopnik_id" WHERE "Kopnik"."id" = 2;
[2016-08-31 11:01:22.815] [ INFO] console - Executing (0fa025c7-a193-40e3-9884-2c30588569f5): COMMIT;
[2016-08-31 11:01:22.821] [ INFO] console - [ 70,
  120,
  {},
  [ { fullName: 'Unit Test',
      id: '2',
      email: 'unittest1@domain.ru',
      name: 'Unit',
      surname: 'Test',
      patronymic: '1',
      birth: 1983,
      note: null,
      own_id: '2',
      starshina_id: null,
      attachments: [] } ] ]
[2016-08-31 11:01:22.844] [DEBUG] Server - #promiseModel() [ 1, 2.3 ] { model: 'Kopnik', id: 2 }
[2016-08-31 11:01:22.854] [ INFO] console - Executing (7642b429-eebd-4b3c-8d5c-3cca5a008c16): START TRANSACTION;
[2016-08-31 11:01:22.859] [ INFO] console - Executing (7642b429-eebd-4b3c-8d5c-3cca5a008c16): SET SESSION TRANSACTION ISOLATION LEVEL REPEATABLE READ;
[2016-08-31 11:01:22.885] [ INFO] console - Executing (default): SELECT "Kopnik"."id", "Kopnik"."email", "Kopnik"."password", "Kopnik"."name", "Kopnik"."surname", "Kopnik"."patronymic", "Kopnik"."birth", "Kopnik"."note", "Kopnik"."own_id", "Kopnik"."starshina_id", "attachments"."id" AS "attachments.id", "attachments"."path" AS "attachments.path", "attachments"."note" AS "attachments.note", "attachments"."zemla_id" AS "attachments.zemla_id", "attachments"."kopnik_id" AS "attachments.kopnik_id", "attachments"."kopa_id" AS "attachments.kopa_id", "attachments"."slovo_id" AS "attachments.slovo_id", "attachments"."predlozhenie_id" AS "attachments.predlozhenie_id", "attachments"."golos_id" AS "attachments.golos_id" FROM "Kopnik" AS "Kopnik" LEFT OUTER JOIN "File" AS "attachments" ON "Kopnik"."id" = "attachments"."kopnik_id" WHERE "Kopnik"."id" = 2;
[2016-08-31 11:01:22.903] [ INFO] console - Executing (7642b429-eebd-4b3c-8d5c-3cca5a008c16): COMMIT;
[2016-08-31 11:01:22.907] [ INFO] console - [ 70,
  121,
  {},
  [ { fullName: 'Unit Test',
      id: '2',
      email: 'unittest1@domain.ru',
      name: 'Unit',
      surname: 'Test',
      patronymic: '1',
      birth: 1983,
      note: null,
      own_id: '2',
      starshina_id: null,
      attachments: [] } ] ]
[2016-08-31 11:05:07.442] [DEBUG] Server - #promiseModel() [ 1, 2.3 ] { model: 'Kopnik', id: 2 }
[2016-08-31 11:05:07.509] [ INFO] console - Executing (cc41d654-efc1-492a-80f0-4accfb0c0cae): START TRANSACTION;
[2016-08-31 11:05:07.513] [ INFO] console - Executing (cc41d654-efc1-492a-80f0-4accfb0c0cae): SET SESSION TRANSACTION ISOLATION LEVEL REPEATABLE READ;
[2016-08-31 11:05:07.583] [ INFO] console - Executing (default): SELECT "Kopnik"."id", "Kopnik"."email", "Kopnik"."password", "Kopnik"."name", "Kopnik"."surname", "Kopnik"."patronymic", "Kopnik"."birth", "Kopnik"."note", "Kopnik"."own_id", "Kopnik"."starshina_id", "attachments"."id" AS "attachments.id", "attachments"."path" AS "attachments.path", "attachments"."note" AS "attachments.note", "attachments"."zemla_id" AS "attachments.zemla_id", "attachments"."kopnik_id" AS "attachments.kopnik_id", "attachments"."kopa_id" AS "attachments.kopa_id", "attachments"."slovo_id" AS "attachments.slovo_id", "attachments"."predlozhenie_id" AS "attachments.predlozhenie_id", "attachments"."golos_id" AS "attachments.golos_id" FROM "Kopnik" AS "Kopnik" LEFT OUTER JOIN "File" AS "attachments" ON "Kopnik"."id" = "attachments"."kopnik_id" WHERE "Kopnik"."id" = 2;
[2016-08-31 11:05:07.613] [ INFO] console - Executing (cc41d654-efc1-492a-80f0-4accfb0c0cae): COMMIT;
[2016-08-31 11:05:07.622] [ INFO] console - [ 70,
  123,
  {},
  [ { fullName: 'Unit Test',
      id: '2',
      email: 'unittest1@domain.ru',
      name: 'Unit',
      surname: 'Test',
      patronymic: '1',
      birth: 1983,
      note: null,
      own_id: '2',
      starshina_id: null,
      attachments: [] } ] ]
[2016-08-31 11:05:07.693] [DEBUG] Server - #promiseModel() [ 1, 2.3 ] { model: 'Kopnik', id: 2 }
[2016-08-31 11:05:07.704] [ INFO] console - Executing (dc4d01b1-750f-4b2d-a88f-7cd7c2a01d24): START TRANSACTION;
[2016-08-31 11:05:07.710] [ INFO] console - Executing (dc4d01b1-750f-4b2d-a88f-7cd7c2a01d24): SET SESSION TRANSACTION ISOLATION LEVEL REPEATABLE READ;
[2016-08-31 11:05:07.743] [ INFO] console - Executing (default): SELECT "Kopnik"."id", "Kopnik"."email", "Kopnik"."password", "Kopnik"."name", "Kopnik"."surname", "Kopnik"."patronymic", "Kopnik"."birth", "Kopnik"."note", "Kopnik"."own_id", "Kopnik"."starshina_id", "attachments"."id" AS "attachments.id", "attachments"."path" AS "attachments.path", "attachments"."note" AS "attachments.note", "attachments"."zemla_id" AS "attachments.zemla_id", "attachments"."kopnik_id" AS "attachments.kopnik_id", "attachments"."kopa_id" AS "attachments.kopa_id", "attachments"."slovo_id" AS "attachments.slovo_id", "attachments"."predlozhenie_id" AS "attachments.predlozhenie_id", "attachments"."golos_id" AS "attachments.golos_id" FROM "Kopnik" AS "Kopnik" LEFT OUTER JOIN "File" AS "attachments" ON "Kopnik"."id" = "attachments"."kopnik_id" WHERE "Kopnik"."id" = 2;
[2016-08-31 11:05:07.761] [ INFO] console - Executing (dc4d01b1-750f-4b2d-a88f-7cd7c2a01d24): COMMIT;
[2016-08-31 11:05:07.765] [ INFO] console - [ 70,
  124,
  {},
  [ { fullName: 'Unit Test',
      id: '2',
      email: 'unittest1@domain.ru',
      name: 'Unit',
      surname: 'Test',
      patronymic: '1',
      birth: 1983,
      note: null,
      own_id: '2',
      starshina_id: null,
      attachments: [] } ] ]
[2016-08-31 11:05:07.802] [DEBUG] Server - #promiseModel() [ 1, 2.3 ] { model: 'Kopnik', id: 2 }
[2016-08-31 11:05:07.815] [ INFO] console - Executing (11105899-42ad-49af-aa95-ec520681d9ea): START TRANSACTION;
[2016-08-31 11:05:07.830] [ INFO] console - Executing (11105899-42ad-49af-aa95-ec520681d9ea): SET SESSION TRANSACTION ISOLATION LEVEL REPEATABLE READ;
[2016-08-31 11:05:07.845] [ INFO] console - Executing (default): SELECT "Kopnik"."id", "Kopnik"."email", "Kopnik"."password", "Kopnik"."name", "Kopnik"."surname", "Kopnik"."patronymic", "Kopnik"."birth", "Kopnik"."note", "Kopnik"."own_id", "Kopnik"."starshina_id", "attachments"."id" AS "attachments.id", "attachments"."path" AS "attachments.path", "attachments"."note" AS "attachments.note", "attachments"."zemla_id" AS "attachments.zemla_id", "attachments"."kopnik_id" AS "attachments.kopnik_id", "attachments"."kopa_id" AS "attachments.kopa_id", "attachments"."slovo_id" AS "attachments.slovo_id", "attachments"."predlozhenie_id" AS "attachments.predlozhenie_id", "attachments"."golos_id" AS "attachments.golos_id" FROM "Kopnik" AS "Kopnik" LEFT OUTER JOIN "File" AS "attachments" ON "Kopnik"."id" = "attachments"."kopnik_id" WHERE "Kopnik"."id" = 2;
[2016-08-31 11:05:07.856] [ INFO] console - Executing (11105899-42ad-49af-aa95-ec520681d9ea): COMMIT;
[2016-08-31 11:05:07.858] [ INFO] console - [ 70,
  125,
  {},
  [ { fullName: 'Unit Test',
      id: '2',
      email: 'unittest1@domain.ru',
      name: 'Unit',
      surname: 'Test',
      patronymic: '1',
      birth: 1983,
      note: null,
      own_id: '2',
      starshina_id: null,
      attachments: [] } ] ]
[2016-08-31 11:05:07.874] [DEBUG] Server - #promiseModel() [ 1, 2.3 ] { model: 'Kopnik', id: 2 }
[2016-08-31 11:05:07.893] [ INFO] console - Executing (18ad7d39-86ab-450f-9899-1f2103ee7da9): START TRANSACTION;
[2016-08-31 11:05:07.908] [ INFO] console - Executing (18ad7d39-86ab-450f-9899-1f2103ee7da9): SET SESSION TRANSACTION ISOLATION LEVEL REPEATABLE READ;
[2016-08-31 11:05:07.939] [ INFO] console - Executing (default): SELECT "Kopnik"."id", "Kopnik"."email", "Kopnik"."password", "Kopnik"."name", "Kopnik"."surname", "Kopnik"."patronymic", "Kopnik"."birth", "Kopnik"."note", "Kopnik"."own_id", "Kopnik"."starshina_id", "attachments"."id" AS "attachments.id", "attachments"."path" AS "attachments.path", "attachments"."note" AS "attachments.note", "attachments"."zemla_id" AS "attachments.zemla_id", "attachments"."kopnik_id" AS "attachments.kopnik_id", "attachments"."kopa_id" AS "attachments.kopa_id", "attachments"."slovo_id" AS "attachments.slovo_id", "attachments"."predlozhenie_id" AS "attachments.predlozhenie_id", "attachments"."golos_id" AS "attachments.golos_id" FROM "Kopnik" AS "Kopnik" LEFT OUTER JOIN "File" AS "attachments" ON "Kopnik"."id" = "attachments"."kopnik_id" WHERE "Kopnik"."id" = 2;
[2016-08-31 11:05:07.959] [ INFO] console - Executing (18ad7d39-86ab-450f-9899-1f2103ee7da9): COMMIT;
[2016-08-31 11:05:07.963] [ INFO] console - [ 70,
  126,
  {},
  [ { fullName: 'Unit Test',
      id: '2',
      email: 'unittest1@domain.ru',
      name: 'Unit',
      surname: 'Test',
      patronymic: '1',
      birth: 1983,
      note: null,
      own_id: '2',
      starshina_id: null,
      attachments: [] } ] ]
[2016-08-31 11:05:44.611] [DEBUG] Server - #pingPong() [ 1, 2, 3 ] { x: 1, y: 2, z: 3 }
[2016-08-31 11:05:44.620] [ INFO] console - [ 70, 128, {}, [ 1, 2, 3 ], { x: 1, y: 2, z: 3 } ]
[2016-08-31 11:05:44.675] [ INFO] console - Executing (default): select '' as result
[2016-08-31 11:05:44.681] [ INFO] console - [ 70, 129, {}, [ '' ] ]
[2016-08-31 11:05:44.710] [DEBUG] Server - #error() [ 'sadkljfaskldjfs;af' ] {}
[2016-08-31 11:05:44.713] [ERROR] Server - [Error: sadkljfaskldjfs;af]
Error: sadkljfaskldjfs;af
    at MySuperError (Server.js:124:9)
    at fn.constructor.error.Error (Server.js:129:19)
    at new wrappedPromise (/home/alexey2baranov/htdocs/kp-sequelizejs/node_modules/async-listener/index.js:372:16)
    at Server.error (Server.js:128:16)
    at Object.<anonymous> (Server.js:102:43)
    at [object Generator].next (native)
    at step (/home/alexey2baranov/htdocs/kp-sequelizejs/src/Server.js:1:253)
    at /home/alexey2baranov/htdocs/kp-sequelizejs/src/Server.js:1:513
    at new wrappedPromise (/home/alexey2baranov/htdocs/kp-sequelizejs/node_modules/async-listener/index.js:372:16)
    at Object.<anonymous> (/home/alexey2baranov/htdocs/kp-sequelizejs/src/Server.js:1:161)
    at Object.<anonymous> (Server.js:99:27)
    at tryCatchResolve (/home/alexey2baranov/htdocs/kp-sequelizejs/node_modules/when/lib/apply.js:46:23)
    at callAndResolve (/home/alexey2baranov/htdocs/kp-sequelizejs/node_modules/when/lib/apply.js:30:12)
    at callAndResolveNext (/home/alexey2baranov/htdocs/kp-sequelizejs/node_modules/when/lib/apply.js:40:4)
    at tryCatchReject3 (/home/alexey2baranov/htdocs/kp-sequelizejs/node_modules/when/lib/makePromise.js:856:7)
    at runContinuation3 (/home/alexey2baranov/htdocs/kp-sequelizejs/node_modules/when/lib/makePromise.js:814:4)
[2016-08-31 11:05:44.725] [ INFO] console - [ 8,
  68,
  130,
  {},
  'MySuperError',
  [ 'sadkljfaskldjfs;af' ],
  { stack: 
     [ 'Error: sadkljfaskldjfs;af',
       '    at MySuperError (Server.js:124:9)',
       '    at fn.constructor.error.Error (Server.js:129:19)',
       '    at new wrappedPromise (/home/alexey2baranov/htdocs/kp-sequelizejs/node_modules/async-listener/index.js:372:16)',
       '    at Server.error (Server.js:128:16)',
       '    at Object.<anonymous> (Server.js:102:43)',
       '    at [object Generator].next (native)',
       '    at step (/home/alexey2baranov/htdocs/kp-sequelizejs/src/Server.js:1:253)',
       '    at /home/alexey2baranov/htdocs/kp-sequelizejs/src/Server.js:1:513',
       '    at new wrappedPromise (/home/alexey2baranov/htdocs/kp-sequelizejs/node_modules/async-listener/index.js:372:16)',
       '    at Object.<anonymous> (/home/alexey2baranov/htdocs/kp-sequelizejs/src/Server.js:1:161)',
       '    at Object.<anonymous> (Server.js:99:27)',
       '    at tryCatchResolve (/home/alexey2baranov/htdocs/kp-sequelizejs/node_modules/when/lib/apply.js:46:23)',
       '    at callAndResolve (/home/alexey2baranov/htdocs/kp-sequelizejs/node_modules/when/lib/apply.js:30:12)',
       '    at callAndResolveNext (/home/alexey2baranov/htdocs/kp-sequelizejs/node_modules/when/lib/apply.js:40:4)',
       '    at tryCatchReject3 (/home/alexey2baranov/htdocs/kp-sequelizejs/node_modules/when/lib/makePromise.js:856:7)',
       '    at runContinuation3 (/home/alexey2baranov/htdocs/kp-sequelizejs/node_modules/when/lib/makePromise.js:814:4)' ] } ]
[2016-08-31 11:06:37.149] [DEBUG] Server - #pingPong() [ 1, 2, 3 ] { x: 1, y: 2, z: 3 }
[2016-08-31 11:06:37.156] [ INFO] console - [ 70, 132, {}, [ 1, 2, 3 ], { x: 1, y: 2, z: 3 } ]
[2016-08-31 11:06:37.216] [ INFO] console - Executing (default): select '' as result
[2016-08-31 11:06:37.220] [ INFO] console - [ 70, 133, {}, [ '' ] ]
[2016-08-31 11:06:37.233] [DEBUG] Server - #error() [ 'sadkljfaskldjfs;af' ] {}
[2016-08-31 11:06:37.238] [ERROR] Server - [Error: sadkljfaskldjfs;af]
Error: sadkljfaskldjfs;af
    at MySuperError (Server.js:124:9)
    at fn.constructor.error.Error (Server.js:129:19)
    at new wrappedPromise (/home/alexey2baranov/htdocs/kp-sequelizejs/node_modules/async-listener/index.js:372:16)
    at Server.error (Server.js:128:16)
    at Object.<anonymous> (Server.js:102:43)
    at [object Generator].next (native)
    at step (/home/alexey2baranov/htdocs/kp-sequelizejs/src/Server.js:1:253)
    at /home/alexey2baranov/htdocs/kp-sequelizejs/src/Server.js:1:513
    at new wrappedPromise (/home/alexey2baranov/htdocs/kp-sequelizejs/node_modules/async-listener/index.js:372:16)
    at Object.<anonymous> (/home/alexey2baranov/htdocs/kp-sequelizejs/src/Server.js:1:161)
    at Object.<anonymous> (Server.js:99:27)
    at tryCatchResolve (/home/alexey2baranov/htdocs/kp-sequelizejs/node_modules/when/lib/apply.js:46:23)
    at callAndResolve (/home/alexey2baranov/htdocs/kp-sequelizejs/node_modules/when/lib/apply.js:30:12)
    at callAndResolveNext (/home/alexey2baranov/htdocs/kp-sequelizejs/node_modules/when/lib/apply.js:40:4)
    at tryCatchReject3 (/home/alexey2baranov/htdocs/kp-sequelizejs/node_modules/when/lib/makePromise.js:856:7)
    at runContinuation3 (/home/alexey2baranov/htdocs/kp-sequelizejs/node_modules/when/lib/makePromise.js:814:4)
[2016-08-31 11:06:37.247] [ INFO] console - [ 8,
  68,
  134,
  {},
  'MySuperError',
  [ 'sadkljfaskldjfs;af' ],
  { stack: 
     [ 'Error: sadkljfaskldjfs;af',
       '    at MySuperError (Server.js:124:9)',
       '    at fn.constructor.error.Error (Server.js:129:19)',
       '    at new wrappedPromise (/home/alexey2baranov/htdocs/kp-sequelizejs/node_modules/async-listener/index.js:372:16)',
       '    at Server.error (Server.js:128:16)',
       '    at Object.<anonymous> (Server.js:102:43)',
       '    at [object Generator].next (native)',
       '    at step (/home/alexey2baranov/htdocs/kp-sequelizejs/src/Server.js:1:253)',
       '    at /home/alexey2baranov/htdocs/kp-sequelizejs/src/Server.js:1:513',
       '    at new wrappedPromise (/home/alexey2baranov/htdocs/kp-sequelizejs/node_modules/async-listener/index.js:372:16)',
       '    at Object.<anonymous> (/home/alexey2baranov/htdocs/kp-sequelizejs/src/Server.js:1:161)',
       '    at Object.<anonymous> (Server.js:99:27)',
       '    at tryCatchResolve (/home/alexey2baranov/htdocs/kp-sequelizejs/node_modules/when/lib/apply.js:46:23)',
       '    at callAndResolve (/home/alexey2baranov/htdocs/kp-sequelizejs/node_modules/when/lib/apply.js:30:12)',
       '    at callAndResolveNext (/home/alexey2baranov/htdocs/kp-sequelizejs/node_modules/when/lib/apply.js:40:4)',
       '    at tryCatchReject3 (/home/alexey2baranov/htdocs/kp-sequelizejs/node_modules/when/lib/makePromise.js:856:7)',
       '    at runContinuation3 (/home/alexey2baranov/htdocs/kp-sequelizejs/node_modules/when/lib/makePromise.js:814:4)' ] } ]
[2016-08-31 11:10:49.808] [DEBUG] Server - #pingPong() [ 1, 2, 3 ] { x: 1, y: 2, z: 3 }
[2016-08-31 11:10:49.820] [ INFO] console - [ 70, 136, {}, [ 1, 2, 3 ], { x: 1, y: 2, z: 3 } ]
[2016-08-31 11:10:49.903] [ INFO] console - Executing (default): select '' as result
[2016-08-31 11:10:49.909] [ INFO] console - [ 70, 137, {}, [ '' ] ]
[2016-08-31 11:10:49.924] [DEBUG] Server - #error() [ 'sadkljfaskldjfs;af' ] {}
[2016-08-31 11:10:49.930] [ERROR] Server - [Error: sadkljfaskldjfs;af]
Error: sadkljfaskldjfs;af
    at MySuperError (Server.js:124:9)
    at fn.constructor.error.Error (Server.js:129:19)
    at new wrappedPromise (/home/alexey2baranov/htdocs/kp-sequelizejs/node_modules/async-listener/index.js:372:16)
    at Server.error (Server.js:128:16)
    at Object.<anonymous> (Server.js:102:43)
    at [object Generator].next (native)
    at step (/home/alexey2baranov/htdocs/kp-sequelizejs/src/Server.js:1:253)
    at /home/alexey2baranov/htdocs/kp-sequelizejs/src/Server.js:1:513
    at new wrappedPromise (/home/alexey2baranov/htdocs/kp-sequelizejs/node_modules/async-listener/index.js:372:16)
    at Object.<anonymous> (/home/alexey2baranov/htdocs/kp-sequelizejs/src/Server.js:1:161)
    at Object.<anonymous> (Server.js:99:27)
    at tryCatchResolve (/home/alexey2baranov/htdocs/kp-sequelizejs/node_modules/when/lib/apply.js:46:23)
    at callAndResolve (/home/alexey2baranov/htdocs/kp-sequelizejs/node_modules/when/lib/apply.js:30:12)
    at callAndResolveNext (/home/alexey2baranov/htdocs/kp-sequelizejs/node_modules/when/lib/apply.js:40:4)
    at tryCatchReject3 (/home/alexey2baranov/htdocs/kp-sequelizejs/node_modules/when/lib/makePromise.js:856:7)
    at runContinuation3 (/home/alexey2baranov/htdocs/kp-sequelizejs/node_modules/when/lib/makePromise.js:814:4)
[2016-08-31 11:10:49.941] [ INFO] console - [ 8,
  68,
  138,
  {},
  'MySuperError',
  [ 'sadkljfaskldjfs;af' ],
  { stack: 
     [ 'Error: sadkljfaskldjfs;af',
       '    at MySuperError (Server.js:124:9)',
       '    at fn.constructor.error.Error (Server.js:129:19)',
       '    at new wrappedPromise (/home/alexey2baranov/htdocs/kp-sequelizejs/node_modules/async-listener/index.js:372:16)',
       '    at Server.error (Server.js:128:16)',
       '    at Object.<anonymous> (Server.js:102:43)',
       '    at [object Generator].next (native)',
       '    at step (/home/alexey2baranov/htdocs/kp-sequelizejs/src/Server.js:1:253)',
       '    at /home/alexey2baranov/htdocs/kp-sequelizejs/src/Server.js:1:513',
       '    at new wrappedPromise (/home/alexey2baranov/htdocs/kp-sequelizejs/node_modules/async-listener/index.js:372:16)',
       '    at Object.<anonymous> (/home/alexey2baranov/htdocs/kp-sequelizejs/src/Server.js:1:161)',
       '    at Object.<anonymous> (Server.js:99:27)',
       '    at tryCatchResolve (/home/alexey2baranov/htdocs/kp-sequelizejs/node_modules/when/lib/apply.js:46:23)',
       '    at callAndResolve (/home/alexey2baranov/htdocs/kp-sequelizejs/node_modules/when/lib/apply.js:30:12)',
       '    at callAndResolveNext (/home/alexey2baranov/htdocs/kp-sequelizejs/node_modules/when/lib/apply.js:40:4)',
       '    at tryCatchReject3 (/home/alexey2baranov/htdocs/kp-sequelizejs/node_modules/when/lib/makePromise.js:856:7)',
       '    at runContinuation3 (/home/alexey2baranov/htdocs/kp-sequelizejs/node_modules/when/lib/makePromise.js:814:4)' ] } ]
[2016-08-31 11:12:05.554] [DEBUG] Server - #pingPong() [ 1, 2, 3 ] { x: 1, y: 2, z: 3 }
[2016-08-31 11:12:05.573] [ INFO] console - [ 70, 140, {}, [ 1, 2, 3 ], { x: 1, y: 2, z: 3 } ]
[2016-08-31 11:12:05.656] [ INFO] console - Executing (default): select '' as result
[2016-08-31 11:12:05.661] [ INFO] console - [ 70, 141, {}, [ '' ] ]
[2016-08-31 11:12:05.673] [DEBUG] Server - #error() [ 'sadkljfaskldjfs;af' ] {}
[2016-08-31 11:12:05.679] [ERROR] Server - [Error: sadkljfaskldjfs;af]
Error: sadkljfaskldjfs;af
    at MySuperError (Server.js:124:9)
    at fn.constructor.error.Error (Server.js:129:19)
    at new wrappedPromise (/home/alexey2baranov/htdocs/kp-sequelizejs/node_modules/async-listener/index.js:372:16)
    at Server.error (Server.js:128:16)
    at Object.<anonymous> (Server.js:102:43)
    at [object Generator].next (native)
    at step (/home/alexey2baranov/htdocs/kp-sequelizejs/src/Server.js:1:253)
    at /home/alexey2baranov/htdocs/kp-sequelizejs/src/Server.js:1:513
    at new wrappedPromise (/home/alexey2baranov/htdocs/kp-sequelizejs/node_modules/async-listener/index.js:372:16)
    at Object.<anonymous> (/home/alexey2baranov/htdocs/kp-sequelizejs/src/Server.js:1:161)
    at Object.<anonymous> (Server.js:99:27)
    at tryCatchResolve (/home/alexey2baranov/htdocs/kp-sequelizejs/node_modules/when/lib/apply.js:46:23)
    at callAndResolve (/home/alexey2baranov/htdocs/kp-sequelizejs/node_modules/when/lib/apply.js:30:12)
    at callAndResolveNext (/home/alexey2baranov/htdocs/kp-sequelizejs/node_modules/when/lib/apply.js:40:4)
    at tryCatchReject3 (/home/alexey2baranov/htdocs/kp-sequelizejs/node_modules/when/lib/makePromise.js:856:7)
    at runContinuation3 (/home/alexey2baranov/htdocs/kp-sequelizejs/node_modules/when/lib/makePromise.js:814:4)
[2016-08-31 11:12:05.690] [ INFO] console - [ 8,
  68,
  142,
  {},
  'MySuperError',
  [ 'sadkljfaskldjfs;af' ],
  { stack: 
     [ 'Error: sadkljfaskldjfs;af',
       '    at MySuperError (Server.js:124:9)',
       '    at fn.constructor.error.Error (Server.js:129:19)',
       '    at new wrappedPromise (/home/alexey2baranov/htdocs/kp-sequelizejs/node_modules/async-listener/index.js:372:16)',
       '    at Server.error (Server.js:128:16)',
       '    at Object.<anonymous> (Server.js:102:43)',
       '    at [object Generator].next (native)',
       '    at step (/home/alexey2baranov/htdocs/kp-sequelizejs/src/Server.js:1:253)',
       '    at /home/alexey2baranov/htdocs/kp-sequelizejs/src/Server.js:1:513',
       '    at new wrappedPromise (/home/alexey2baranov/htdocs/kp-sequelizejs/node_modules/async-listener/index.js:372:16)',
       '    at Object.<anonymous> (/home/alexey2baranov/htdocs/kp-sequelizejs/src/Server.js:1:161)',
       '    at Object.<anonymous> (Server.js:99:27)',
       '    at tryCatchResolve (/home/alexey2baranov/htdocs/kp-sequelizejs/node_modules/when/lib/apply.js:46:23)',
       '    at callAndResolve (/home/alexey2baranov/htdocs/kp-sequelizejs/node_modules/when/lib/apply.js:30:12)',
       '    at callAndResolveNext (/home/alexey2baranov/htdocs/kp-sequelizejs/node_modules/when/lib/apply.js:40:4)',
       '    at tryCatchReject3 (/home/alexey2baranov/htdocs/kp-sequelizejs/node_modules/when/lib/makePromise.js:856:7)',
       '    at runContinuation3 (/home/alexey2baranov/htdocs/kp-sequelizejs/node_modules/when/lib/makePromise.js:814:4)' ] } ]
[2016-08-31 11:12:05.840] [DEBUG] Server - #promiseModel() [ 1, 2.3 ] { model: 'Kopnik', id: 2 }
[2016-08-31 11:12:05.859] [ INFO] console - Executing (c6e5af04-8697-4546-98fc-1a387f71977b): START TRANSACTION;
[2016-08-31 11:12:05.864] [ INFO] console - Executing (c6e5af04-8697-4546-98fc-1a387f71977b): SET SESSION TRANSACTION ISOLATION LEVEL REPEATABLE READ;
[2016-08-31 11:12:05.915] [ INFO] console - Executing (default): SELECT "Kopnik"."id", "Kopnik"."email", "Kopnik"."password", "Kopnik"."name", "Kopnik"."surname", "Kopnik"."patronymic", "Kopnik"."birth", "Kopnik"."note", "Kopnik"."own_id", "Kopnik"."starshina_id", "attachments"."id" AS "attachments.id", "attachments"."path" AS "attachments.path", "attachments"."note" AS "attachments.note", "attachments"."zemla_id" AS "attachments.zemla_id", "attachments"."kopnik_id" AS "attachments.kopnik_id", "attachments"."kopa_id" AS "attachments.kopa_id", "attachments"."slovo_id" AS "attachments.slovo_id", "attachments"."predlozhenie_id" AS "attachments.predlozhenie_id", "attachments"."golos_id" AS "attachments.golos_id" FROM "Kopnik" AS "Kopnik" LEFT OUTER JOIN "File" AS "attachments" ON "Kopnik"."id" = "attachments"."kopnik_id" WHERE "Kopnik"."id" = 2;
[2016-08-31 11:12:05.933] [ INFO] console - Executing (c6e5af04-8697-4546-98fc-1a387f71977b): COMMIT;
[2016-08-31 11:12:05.937] [ INFO] console - [ 70,
  144,
  {},
  [ { fullName: 'Unit Test',
      id: '2',
      email: 'unittest1@domain.ru',
      name: 'Unit',
      surname: 'Test',
      patronymic: '1',
      birth: 1983,
      note: null,
      own_id: '2',
      starshina_id: null,
      attachments: [] } ] ]
[2016-08-31 11:12:05.977] [DEBUG] Server - #promiseModel() [ 1, 2.3 ] { model: 'Kopnik', id: 2 }
[2016-08-31 11:12:05.986] [ INFO] console - Executing (e2b1f115-3ada-401a-a5aa-86b7d2fa459e): START TRANSACTION;
[2016-08-31 11:12:05.991] [ INFO] console - Executing (e2b1f115-3ada-401a-a5aa-86b7d2fa459e): SET SESSION TRANSACTION ISOLATION LEVEL REPEATABLE READ;
[2016-08-31 11:12:06.003] [ INFO] console - Executing (default): SELECT "Kopnik"."id", "Kopnik"."email", "Kopnik"."password", "Kopnik"."name", "Kopnik"."surname", "Kopnik"."patronymic", "Kopnik"."birth", "Kopnik"."note", "Kopnik"."own_id", "Kopnik"."starshina_id", "attachments"."id" AS "attachments.id", "attachments"."path" AS "attachments.path", "attachments"."note" AS "attachments.note", "attachments"."zemla_id" AS "attachments.zemla_id", "attachments"."kopnik_id" AS "attachments.kopnik_id", "attachments"."kopa_id" AS "attachments.kopa_id", "attachments"."slovo_id" AS "attachments.slovo_id", "attachments"."predlozhenie_id" AS "attachments.predlozhenie_id", "attachments"."golos_id" AS "attachments.golos_id" FROM "Kopnik" AS "Kopnik" LEFT OUTER JOIN "File" AS "attachments" ON "Kopnik"."id" = "attachments"."kopnik_id" WHERE "Kopnik"."id" = 2;
[2016-08-31 11:12:06.018] [ INFO] console - Executing (e2b1f115-3ada-401a-a5aa-86b7d2fa459e): COMMIT;
[2016-08-31 11:12:06.021] [ INFO] console - [ 70,
  145,
  {},
  [ { fullName: 'Unit Test',
      id: '2',
      email: 'unittest1@domain.ru',
      name: 'Unit',
      surname: 'Test',
      patronymic: '1',
      birth: 1983,
      note: null,
      own_id: '2',
      starshina_id: null,
      attachments: [] } ] ]
[2016-08-31 11:12:06.045] [DEBUG] Server - #promiseModel() [ 1, 2.3 ] { model: 'Kopnik', id: 2 }
[2016-08-31 11:12:06.053] [ INFO] console - Executing (57c16331-cac5-4486-adf8-d2c9aa0cc8a8): START TRANSACTION;
[2016-08-31 11:12:06.057] [ INFO] console - Executing (57c16331-cac5-4486-adf8-d2c9aa0cc8a8): SET SESSION TRANSACTION ISOLATION LEVEL REPEATABLE READ;
[2016-08-31 11:12:06.074] [ INFO] console - Executing (default): SELECT "Kopnik"."id", "Kopnik"."email", "Kopnik"."password", "Kopnik"."name", "Kopnik"."surname", "Kopnik"."patronymic", "Kopnik"."birth", "Kopnik"."note", "Kopnik"."own_id", "Kopnik"."starshina_id", "attachments"."id" AS "attachments.id", "attachments"."path" AS "attachments.path", "attachments"."note" AS "attachments.note", "attachments"."zemla_id" AS "attachments.zemla_id", "attachments"."kopnik_id" AS "attachments.kopnik_id", "attachments"."kopa_id" AS "attachments.kopa_id", "attachments"."slovo_id" AS "attachments.slovo_id", "attachments"."predlozhenie_id" AS "attachments.predlozhenie_id", "attachments"."golos_id" AS "attachments.golos_id" FROM "Kopnik" AS "Kopnik" LEFT OUTER JOIN "File" AS "attachments" ON "Kopnik"."id" = "attachments"."kopnik_id" WHERE "Kopnik"."id" = 2;
[2016-08-31 11:12:06.088] [ INFO] console - Executing (57c16331-cac5-4486-adf8-d2c9aa0cc8a8): COMMIT;
[2016-08-31 11:12:06.093] [ INFO] console - [ 70,
  146,
  {},
  [ { fullName: 'Unit Test',
      id: '2',
      email: 'unittest1@domain.ru',
      name: 'Unit',
      surname: 'Test',
      patronymic: '1',
      birth: 1983,
      note: null,
      own_id: '2',
      starshina_id: null,
      attachments: [] } ] ]
[2016-08-31 11:12:06.157] [DEBUG] Server - #promiseModel() [ 1, 2.3 ] { model: 'Kopnik', id: 2 }
[2016-08-31 11:12:06.176] [ INFO] console - Executing (8e136191-a79f-40a0-be35-99d9e6fd4d22): START TRANSACTION;
[2016-08-31 11:12:06.184] [ INFO] console - Executing (8e136191-a79f-40a0-be35-99d9e6fd4d22): SET SESSION TRANSACTION ISOLATION LEVEL REPEATABLE READ;
[2016-08-31 11:12:06.205] [ INFO] console - Executing (default): SELECT "Kopnik"."id", "Kopnik"."email", "Kopnik"."password", "Kopnik"."name", "Kopnik"."surname", "Kopnik"."patronymic", "Kopnik"."birth", "Kopnik"."note", "Kopnik"."own_id", "Kopnik"."starshina_id", "attachments"."id" AS "attachments.id", "attachments"."path" AS "attachments.path", "attachments"."note" AS "attachments.note", "attachments"."zemla_id" AS "attachments.zemla_id", "attachments"."kopnik_id" AS "attachments.kopnik_id", "attachments"."kopa_id" AS "attachments.kopa_id", "attachments"."slovo_id" AS "attachments.slovo_id", "attachments"."predlozhenie_id" AS "attachments.predlozhenie_id", "attachments"."golos_id" AS "attachments.golos_id" FROM "Kopnik" AS "Kopnik" LEFT OUTER JOIN "File" AS "attachments" ON "Kopnik"."id" = "attachments"."kopnik_id" WHERE "Kopnik"."id" = 2;
[2016-08-31 11:12:06.217] [ INFO] console - Executing (8e136191-a79f-40a0-be35-99d9e6fd4d22): COMMIT;
[2016-08-31 11:12:06.224] [ INFO] console - [ 70,
  147,
  {},
  [ { fullName: 'Unit Test',
      id: '2',
      email: 'unittest1@domain.ru',
      name: 'Unit',
      surname: 'Test',
      patronymic: '1',
      birth: 1983,
      note: null,
      own_id: '2',
      starshina_id: null,
      attachments: [] } ] ]
[2016-08-31 11:12:06.469] [DEBUG] Server - #promiseModel() [ 1, 2.3 ] { model: 'Kopnik', id: 2 }
[2016-08-31 11:12:06.479] [ INFO] console - Executing (4e9c5b1b-d125-4584-953b-95bad42f9585): START TRANSACTION;
[2016-08-31 11:12:06.484] [ INFO] console - Executing (4e9c5b1b-d125-4584-953b-95bad42f9585): SET SESSION TRANSACTION ISOLATION LEVEL REPEATABLE READ;
[2016-08-31 11:12:06.498] [ INFO] console - Executing (default): SELECT "Kopnik"."id", "Kopnik"."email", "Kopnik"."password", "Kopnik"."name", "Kopnik"."surname", "Kopnik"."patronymic", "Kopnik"."birth", "Kopnik"."note", "Kopnik"."own_id", "Kopnik"."starshina_id", "attachments"."id" AS "attachments.id", "attachments"."path" AS "attachments.path", "attachments"."note" AS "attachments.note", "attachments"."zemla_id" AS "attachments.zemla_id", "attachments"."kopnik_id" AS "attachments.kopnik_id", "attachments"."kopa_id" AS "attachments.kopa_id", "attachments"."slovo_id" AS "attachments.slovo_id", "attachments"."predlozhenie_id" AS "attachments.predlozhenie_id", "attachments"."golos_id" AS "attachments.golos_id" FROM "Kopnik" AS "Kopnik" LEFT OUTER JOIN "File" AS "attachments" ON "Kopnik"."id" = "attachments"."kopnik_id" WHERE "Kopnik"."id" = 2;
[2016-08-31 11:12:06.510] [ INFO] console - Executing (4e9c5b1b-d125-4584-953b-95bad42f9585): COMMIT;
[2016-08-31 11:12:06.513] [ INFO] console - [ 70,
  149,
  {},
  [ { fullName: 'Unit Test',
      id: '2',
      email: 'unittest1@domain.ru',
      name: 'Unit',
      surname: 'Test',
      patronymic: '1',
      birth: 1983,
      note: null,
      own_id: '2',
      starshina_id: null,
      attachments: [] } ] ]
